2023-01-10 14:57:44.139 [info] Log level: Info
2023-01-10 14:57:44.139 [info] Validating found git in: "git"
2023-01-10 14:57:44.139 [info] Using git "2.34.1" from "git"
2023-01-10 14:57:44.139 [info] > git rev-parse --show-toplevel [111ms]
2023-01-10 14:57:44.139 [info] fatal: not a git repository (or any of the parent directories): .git
2023-01-10 14:57:44.139 [info] > git rev-parse --show-toplevel [31ms]
2023-01-10 14:57:44.139 [info] fatal: not a git repository (or any of the parent directories): .git
2023-01-10 14:57:44.139 [info] > git rev-parse --show-toplevel [5ms]
2023-01-10 14:57:44.139 [info] fatal: not a git repository (or any of the parent directories): .git
2023-01-10 14:57:44.139 [info] > git rev-parse --show-toplevel [15ms]
2023-01-10 14:57:44.139 [info] fatal: not a git repository (or any of the parent directories): .git
2023-01-10 14:57:44.139 [info] > git rev-parse --show-toplevel [3ms]
2023-01-10 14:57:44.140 [info] fatal: not a git repository (or any of the parent directories): .git
2023-01-10 14:57:44.140 [info] > git rev-parse --show-toplevel [56ms]
2023-01-10 14:57:44.140 [info] fatal: not a git repository (or any of the parent directories): .git
2023-01-10 14:57:44.302 [info] > git rev-parse --show-toplevel [6ms]
2023-01-10 14:57:44.302 [info] fatal: not a git repository (or any of the parent directories): .git
2023-01-10 14:57:44.320 [info] > git rev-parse --show-toplevel [3ms]
2023-01-10 14:57:44.321 [info] fatal: not a git repository (or any of the parent directories): .git
2023-01-10 14:57:52.735 [info] > git rev-parse --show-toplevel [6ms]
2023-01-10 14:57:52.735 [info] fatal: not a git repository (or any of the parent directories): .git
2023-01-10 14:58:51.519 [info] > git rev-parse --show-toplevel [3ms]
2023-01-10 14:58:51.519 [info] fatal: not a git repository (or any of the parent directories): .git
2023-01-10 14:58:59.739 [info] > git rev-parse --show-toplevel [4ms]
2023-01-10 14:58:59.739 [info] fatal: not a git repository (or any of the parent directories): .git
2023-01-10 15:01:37.160 [info] > git rev-parse --show-toplevel [3ms]
2023-01-10 15:01:37.165 [info] > git rev-parse --git-dir --git-common-dir [2ms]
2023-01-10 15:01:37.184 [info] Open repository: /home/ubuntu/ansible-roles-demo
2023-01-10 15:01:37.203 [warning] No remotes found in the git config file.
2023-01-10 15:01:37.204 [info] > git for-each-ref --format=%(refname)%00%(upstream:short)%00%(objectname)%00%(upstream:track)%00%(upstream:remotename)%00%(upstream:remoteref) refs/heads/master refs/remotes/master [7ms]
2023-01-10 15:01:37.205 [info] > git config --get commit.template [13ms]
2023-01-10 15:01:37.208 [info] > git remote --verbose [5ms]
2023-01-10 15:01:37.220 [info] > git status -z -uall [6ms]
2023-01-10 15:01:37.222 [info] > git for-each-ref --sort -committerdate --format %(refname) %(objectname) %(*objectname) [4ms]
2023-01-10 15:01:37.240 [warning] No remotes found in the git config file.
2023-01-10 15:01:37.240 [info] > git for-each-ref --format=%(refname)%00%(upstream:short)%00%(objectname)%00%(upstream:track)%00%(upstream:remotename)%00%(upstream:remoteref) refs/heads/master refs/remotes/master [4ms]
2023-01-10 15:01:37.241 [info] > git config --get commit.template [9ms]
2023-01-10 15:01:37.242 [info] > git remote --verbose [3ms]
2023-01-10 15:01:37.249 [info] > git status -z -uall [3ms]
2023-01-10 15:01:37.250 [info] > git fetch [66ms]
2023-01-10 15:01:37.251 [info] > git for-each-ref --sort -committerdate --format %(refname) %(objectname) %(*objectname) [2ms] (cancelled)
2023-01-10 15:01:37.264 [warning] No remotes found in the git config file.
2023-01-10 15:01:37.264 [info] > git for-each-ref --format=%(refname)%00%(upstream:short)%00%(objectname)%00%(upstream:track)%00%(upstream:remotename)%00%(upstream:remoteref) refs/heads/master refs/remotes/master [6ms]
2023-01-10 15:01:37.264 [info] > git config --get commit.template [10ms]
2023-01-10 15:01:37.266 [info] > git remote --verbose [3ms]
2023-01-10 15:01:37.273 [info] > git status -z -uall [5ms]
2023-01-10 15:01:37.276 [info] > git for-each-ref --sort -committerdate --format %(refname) %(objectname) %(*objectname) [4ms]
2023-01-10 15:01:37.794 [info] > git check-ignore -v -z --stdin [3ms]
2023-01-10 15:01:38.405 [warning] No remotes found in the git config file.
2023-01-10 15:01:38.406 [info] > git for-each-ref --format=%(refname)%00%(upstream:short)%00%(objectname)%00%(upstream:track)%00%(upstream:remotename)%00%(upstream:remoteref) refs/heads/master refs/remotes/master [4ms]
2023-01-10 15:01:38.406 [info] > git config --get commit.template [9ms]
2023-01-10 15:01:38.407 [info] > git remote --verbose [2ms]
2023-01-10 15:01:38.414 [info] > git status -z -uall [4ms]
2023-01-10 15:01:38.416 [info] > git for-each-ref --sort -committerdate --format %(refname) %(objectname) %(*objectname) [3ms]
2023-01-10 15:01:47.805 [info] > git config --get commit.template [5ms]
2023-01-10 15:01:47.807 [info] > git for-each-ref --format=%(refname)%00%(upstream:short)%00%(objectname)%00%(upstream:track)%00%(upstream:remotename)%00%(upstream:remoteref) refs/heads/master refs/remotes/master [2ms]
2023-01-10 15:01:47.813 [info] > git status -z -uall [4ms]
2023-01-10 15:01:47.815 [info] > git for-each-ref --sort -committerdate --format %(refname) %(objectname) %(*objectname) [2ms]
2023-01-10 15:01:59.829 [info] > git rev-parse --show-toplevel [2ms]
2023-01-10 15:01:59.829 [info] fatal: not a git repository (or any of the parent directories): .git
2023-01-10 15:02:09.347 [info] > git show --textconv :xyz.sh [5ms]
2023-01-10 15:02:09.350 [info] > git ls-files --stage -- /home/ubuntu/ansible-roles-demo/xyz.sh [3ms]
2023-01-10 15:02:09.504 [info] > git check-ignore -v -z --stdin [2ms]
2023-01-10 15:02:09.963 [info] > git config --get commit.template [5ms]
2023-01-10 15:02:09.964 [info] > git for-each-ref --format=%(refname)%00%(upstream:short)%00%(objectname)%00%(upstream:track)%00%(upstream:remotename)%00%(upstream:remoteref) refs/heads/master refs/remotes/master [2ms]
2023-01-10 15:02:09.973 [info] > git status -z -uall [5ms]
2023-01-10 15:02:09.975 [info] > git for-each-ref --sort -committerdate --format %(refname) %(objectname) %(*objectname) [3ms]
2023-01-10 15:02:18.794 [info] > git check-ignore -v -z --stdin [3ms]
2023-01-10 15:02:19.222 [info] > git config --get commit.template [4ms]
2023-01-10 15:02:19.224 [info] > git for-each-ref --format=%(refname)%00%(upstream:short)%00%(objectname)%00%(upstream:track)%00%(upstream:remotename)%00%(upstream:remoteref) refs/heads/master refs/remotes/master [2ms]
2023-01-10 15:02:19.230 [info] > git status -z -uall [4ms]
2023-01-10 15:02:19.233 [info] > git for-each-ref --sort -committerdate --format %(refname) %(objectname) %(*objectname) [2ms]
2023-01-10 15:02:25.688 [info] > git rev-parse --show-toplevel [2ms]
2023-01-10 15:02:25.688 [info] fatal: not a git repository (or any of the parent directories): .git
2023-01-10 15:02:53.446 [info] > git show --textconv :abc.yaml [4ms]
2023-01-10 15:02:53.449 [info] > git ls-files --stage -- /home/ubuntu/ansible-roles-demo/abc.yaml [3ms]
2023-01-10 15:02:54.410 [info] > git check-ignore -v -z --stdin [2ms]
2023-01-10 15:02:54.894 [info] > git config --get commit.template [5ms]
2023-01-10 15:02:54.896 [info] > git for-each-ref --format=%(refname)%00%(upstream:short)%00%(objectname)%00%(upstream:track)%00%(upstream:remotename)%00%(upstream:remoteref) refs/heads/master refs/remotes/master [3ms]
2023-01-10 15:02:54.903 [info] > git status -z -uall [4ms]
2023-01-10 15:02:54.905 [info] > git for-each-ref --sort -committerdate --format %(refname) %(objectname) %(*objectname) [3ms]
2023-01-10 15:03:17.939 [info] > git config --get commit.template [6ms]
2023-01-10 15:03:17.941 [info] > git for-each-ref --format=%(refname)%00%(upstream:short)%00%(objectname)%00%(upstream:track)%00%(upstream:remotename)%00%(upstream:remoteref) refs/heads/master refs/remotes/master [2ms]
2023-01-10 15:03:17.948 [info] > git status -z -uall [4ms]
2023-01-10 15:03:17.950 [info] > git for-each-ref --sort -committerdate --format %(refname) %(objectname) %(*objectname) [3ms]
2023-01-10 15:03:18.095 [info] > git ls-files --stage -- /home/ubuntu/ansible-roles-demo/abc.yaml [2ms]
2023-01-10 15:03:18.100 [info] > git cat-file -s 14f791fa472a106da5cd3b9c08b87f343c997b1e [2ms]
2023-01-10 15:03:18.168 [info] > git show --textconv :abc.yaml [3ms]
2023-01-10 15:03:38.979 [info] > git config --get commit.template [5ms]
2023-01-10 15:03:38.980 [info] > git for-each-ref --format=%(refname)%00%(upstream:short)%00%(objectname)%00%(upstream:track)%00%(upstream:remotename)%00%(upstream:remoteref) refs/heads/master refs/remotes/master [2ms]
2023-01-10 15:03:38.987 [info] > git status -z -uall [4ms]
2023-01-10 15:03:38.990 [info] > git for-each-ref --sort -committerdate --format %(refname) %(objectname) %(*objectname) [2ms]
2023-01-10 15:03:39.146 [info] > git ls-files --stage -- /home/ubuntu/ansible-roles-demo/abc.yaml [2ms]
2023-01-10 15:03:39.150 [info] > git cat-file -s 14f791fa472a106da5cd3b9c08b87f343c997b1e [1ms]
2023-01-10 15:03:39.226 [info] > git show --textconv :abc.yaml [3ms]
2023-01-10 15:04:11.988 [info] > git rev-parse --show-toplevel [2ms]
2023-01-10 15:04:11.988 [info] fatal: not a git repository (or any of the parent directories): .git
2023-01-10 15:04:29.769 [info] > git rev-parse --show-toplevel [2ms]
2023-01-10 15:04:29.769 [info] fatal: not a git repository (or any of the parent directories): .git
2023-01-10 15:04:34.289 [info] > git config --get commit.template [7ms]
2023-01-10 15:04:34.291 [info] > git for-each-ref --format=%(refname)%00%(upstream:short)%00%(objectname)%00%(upstream:track)%00%(upstream:remotename)%00%(upstream:remoteref) refs/heads/master refs/remotes/master [3ms]
2023-01-10 15:04:34.298 [info] > git status -z -uall [4ms]
2023-01-10 15:04:34.301 [info] > git for-each-ref --sort -committerdate --format %(refname) %(objectname) %(*objectname) [3ms]
2023-01-10 15:04:34.445 [info] > git ls-files --stage -- /home/ubuntu/ansible-roles-demo/abc.yaml [4ms]
2023-01-10 15:04:34.449 [info] > git cat-file -s 14f791fa472a106da5cd3b9c08b87f343c997b1e [2ms]
2023-01-10 15:04:34.518 [info] > git show --textconv :abc.yaml [3ms]
2023-01-10 15:04:37.817 [info] > git fetch [535ms]
2023-01-10 15:04:37.817 [info] From https://github.com/ade4tope/ansible-roles-demo
 * [new branch]      feature1   -> origin/feature1
 * [new branch]      main       -> origin/main
2023-01-10 15:04:37.826 [info] > git config --get commit.template [5ms]
2023-01-10 15:04:37.828 [info] > git for-each-ref --format=%(refname)%00%(upstream:short)%00%(objectname)%00%(upstream:track)%00%(upstream:remotename)%00%(upstream:remoteref) refs/heads/master refs/remotes/master [3ms]
2023-01-10 15:04:37.835 [info] > git status -z -uall [4ms]
2023-01-10 15:04:37.838 [info] > git for-each-ref --sort -committerdate --format %(refname) %(objectname) %(*objectname) [3ms]
2023-01-10 15:05:34.653 [info] > git config --get commit.template [5ms]
2023-01-10 15:05:34.654 [info] > git for-each-ref --format=%(refname)%00%(upstream:short)%00%(objectname)%00%(upstream:track)%00%(upstream:remotename)%00%(upstream:remoteref) refs/heads/master refs/remotes/master [2ms]
2023-01-10 15:05:34.663 [info] > git status -z -uall [5ms]
2023-01-10 15:05:34.666 [info] > git for-each-ref --sort -committerdate --format %(refname) %(objectname) %(*objectname) [3ms]
2023-01-10 15:05:34.716 [info] > git ls-files --stage -- /home/ubuntu/ansible-roles-demo/abc.yaml [2ms]
2023-01-10 15:05:34.721 [info] > git cat-file -s 14f791fa472a106da5cd3b9c08b87f343c997b1e [2ms]
2023-01-10 15:05:34.789 [info] > git show --textconv :abc.yaml [2ms]
2023-01-10 15:06:24.878 [info] > git config --get commit.template [16ms]
2023-01-10 15:06:24.881 [info] > git for-each-ref --format=%(refname)%00%(upstream:short)%00%(objectname)%00%(upstream:track)%00%(upstream:remotename)%00%(upstream:remoteref) refs/heads/feature1 refs/remotes/feature1 [9ms]
2023-01-10 15:06:24.898 [info] > git status -z -uall [9ms]
2023-01-10 15:06:24.905 [info] > git for-each-ref --sort -committerdate --format %(refname) %(objectname) %(*objectname) [7ms]
2023-01-10 15:06:25.029 [info] > git ls-files --stage -- /home/ubuntu/ansible-roles-demo/abc.yaml [8ms]
2023-01-10 15:06:25.043 [info] > git cat-file -s 14f791fa472a106da5cd3b9c08b87f343c997b1e [6ms]
2023-01-10 15:06:25.117 [info] > git show --textconv :abc.yaml [3ms]
2023-01-10 15:07:07.361 [info] > git config --get commit.template [4ms]
2023-01-10 15:07:07.368 [info] > git for-each-ref --format=%(refname)%00%(upstream:short)%00%(objectname)%00%(upstream:track)%00%(upstream:remotename)%00%(upstream:remoteref) refs/heads/feature1 refs/remotes/feature1 [14ms]
2023-01-10 15:07:07.386 [info] > git status -z -uall [13ms]
2023-01-10 15:07:07.394 [info] > git for-each-ref --sort -committerdate --format %(refname) %(objectname) %(*objectname) [9ms]
2023-01-10 15:07:07.502 [info] > git ls-files --stage -- /home/ubuntu/ansible-roles-demo/abc.yaml [3ms]
2023-01-10 15:07:07.507 [info] > git cat-file -s 14f791fa472a106da5cd3b9c08b87f343c997b1e [3ms]
2023-01-10 15:07:07.588 [info] > git show --textconv :abc.yaml [2ms]
2023-01-10 15:07:38.103 [info] > git fetch [248ms]
2023-01-10 15:07:38.112 [info] > git config --get commit.template [4ms]
2023-01-10 15:07:38.114 [info] > git for-each-ref --format=%(refname)%00%(upstream:short)%00%(objectname)%00%(upstream:track)%00%(upstream:remotename)%00%(upstream:remoteref) refs/heads/feature1 refs/remotes/feature1 [2ms]
2023-01-10 15:07:38.121 [info] > git status -z -uall [4ms]
2023-01-10 15:07:38.124 [info] > git for-each-ref --sort -committerdate --format %(refname) %(objectname) %(*objectname) [3ms]
2023-01-10 15:07:39.244 [info] > git config --get commit.template [4ms]
2023-01-10 15:07:39.245 [info] > git for-each-ref --format=%(refname)%00%(upstream:short)%00%(objectname)%00%(upstream:track)%00%(upstream:remotename)%00%(upstream:remoteref) refs/heads/feature1 refs/remotes/feature1 [2ms]
2023-01-10 15:07:39.252 [info] > git status -z -uall [4ms]
2023-01-10 15:07:39.255 [info] > git for-each-ref --sort -committerdate --format %(refname) %(objectname) %(*objectname) [3ms]
2023-01-10 15:07:39.404 [info] > git ls-files --stage -- /home/ubuntu/ansible-roles-demo/abc.yaml [3ms]
2023-01-10 15:07:39.408 [info] > git cat-file -s 14f791fa472a106da5cd3b9c08b87f343c997b1e [2ms]
2023-01-10 15:07:39.483 [info] > git show --textconv :abc.yaml [4ms]
2023-01-10 15:07:51.267 [info] > git config --get commit.template [5ms]
2023-01-10 15:07:51.269 [info] > git for-each-ref --format=%(refname)%00%(upstream:short)%00%(objectname)%00%(upstream:track)%00%(upstream:remotename)%00%(upstream:remoteref) refs/heads/feature1 refs/remotes/feature1 [3ms]
2023-01-10 15:07:51.277 [info] > git status -z -uall [5ms]
2023-01-10 15:07:51.280 [info] > git for-each-ref --sort -committerdate --format %(refname) %(objectname) %(*objectname) [3ms]
2023-01-10 15:07:51.433 [info] > git ls-files --stage -- /home/ubuntu/ansible-roles-demo/abc.yaml [2ms]
2023-01-10 15:07:51.438 [info] > git cat-file -s 14f791fa472a106da5cd3b9c08b87f343c997b1e [1ms]
2023-01-10 15:07:51.513 [info] > git show --textconv :abc.yaml [3ms]
2023-01-10 15:08:06.570 [info] > git config --get commit.template [5ms]
2023-01-10 15:08:06.572 [info] > git for-each-ref --format=%(refname)%00%(upstream:short)%00%(objectname)%00%(upstream:track)%00%(upstream:remotename)%00%(upstream:remoteref) refs/heads/feature1 refs/remotes/feature1 [3ms]
2023-01-10 15:08:06.579 [info] > git status -z -uall [5ms]
2023-01-10 15:08:06.581 [info] > git for-each-ref --sort -committerdate --format %(refname) %(objectname) %(*objectname) [3ms]
2023-01-10 15:08:06.729 [info] > git ls-files --stage -- /home/ubuntu/ansible-roles-demo/abc.yaml [2ms]
2023-01-10 15:08:06.734 [info] > git cat-file -s 14f791fa472a106da5cd3b9c08b87f343c997b1e [1ms]
2023-01-10 15:08:06.804 [info] > git show --textconv :abc.yaml [3ms]
2023-01-10 15:08:15.762 [info] > git config --get commit.template [4ms]
2023-01-10 15:08:15.764 [info] > git for-each-ref --format=%(refname)%00%(upstream:short)%00%(objectname)%00%(upstream:track)%00%(upstream:remotename)%00%(upstream:remoteref) refs/heads/feature1 refs/remotes/feature1 [2ms]
2023-01-10 15:08:15.771 [info] > git status -z -uall [4ms]
2023-01-10 15:08:15.774 [info] > git for-each-ref --sort -committerdate --format %(refname) %(objectname) %(*objectname) [2ms]
2023-01-10 15:08:15.926 [info] > git ls-files --stage -- /home/ubuntu/ansible-roles-demo/abc.yaml [2ms]
2023-01-10 15:08:15.932 [info] > git cat-file -s 14f791fa472a106da5cd3b9c08b87f343c997b1e [2ms]
2023-01-10 15:08:15.994 [info] > git show --textconv :abc.yaml [2ms]
2023-01-10 15:09:58.233 [info] > git config --get commit.template [5ms]
2023-01-10 15:09:58.235 [info] > git for-each-ref --format=%(refname)%00%(upstream:short)%00%(objectname)%00%(upstream:track)%00%(upstream:remotename)%00%(upstream:remoteref) refs/heads/feature1 refs/remotes/feature1 [2ms]
2023-01-10 15:09:58.242 [info] > git status -z -uall [4ms]
2023-01-10 15:09:58.246 [info] > git for-each-ref --sort -committerdate --format %(refname) %(objectname) %(*objectname) [3ms]
2023-01-10 15:09:58.396 [info] > git ls-files --stage -- /home/ubuntu/ansible-roles-demo/abc.yaml [2ms]
2023-01-10 15:09:58.400 [info] > git cat-file -s 14f791fa472a106da5cd3b9c08b87f343c997b1e [2ms]
2023-01-10 15:09:58.468 [info] > git show --textconv :abc.yaml [2ms]
2023-01-10 15:10:15.997 [info] > git config --get commit.template [5ms]
2023-01-10 15:10:15.999 [info] > git for-each-ref --format=%(refname)%00%(upstream:short)%00%(objectname)%00%(upstream:track)%00%(upstream:remotename)%00%(upstream:remoteref) refs/heads/main refs/remotes/main [2ms]
2023-01-10 15:10:16.008 [info] > git status -z -uall [6ms]
2023-01-10 15:10:16.011 [info] > git for-each-ref --sort -committerdate --format %(refname) %(objectname) %(*objectname) [3ms]
2023-01-10 15:10:16.158 [info] > git ls-files --stage -- /home/ubuntu/ansible-roles-demo/abc.yaml [2ms]
2023-01-10 15:10:16.162 [info] > git cat-file -s 14f791fa472a106da5cd3b9c08b87f343c997b1e [1ms]
2023-01-10 15:10:16.233 [info] > git show --textconv :abc.yaml [3ms]
2023-01-10 15:10:35.823 [info] > git config --get commit.template [5ms]
2023-01-10 15:10:35.825 [info] > git for-each-ref --format=%(refname)%00%(upstream:short)%00%(objectname)%00%(upstream:track)%00%(upstream:remotename)%00%(upstream:remoteref) refs/heads/feature1 refs/remotes/feature1 [3ms]
2023-01-10 15:10:35.832 [info] > git status -z -uall [4ms]
2023-01-10 15:10:35.835 [info] > git for-each-ref --sort -committerdate --format %(refname) %(objectname) %(*objectname) [3ms]
2023-01-10 15:10:35.989 [info] > git ls-files --stage -- /home/ubuntu/ansible-roles-demo/abc.yaml [2ms]
2023-01-10 15:10:35.993 [info] > git cat-file -s 14f791fa472a106da5cd3b9c08b87f343c997b1e [1ms]
2023-01-10 15:10:36.054 [info] > git show --textconv :abc.yaml [3ms]
2023-01-10 15:10:38.271 [info] > git fetch [141ms]
2023-01-10 15:10:38.279 [info] > git config --get commit.template [4ms]
2023-01-10 15:10:38.280 [info] > git for-each-ref --format=%(refname)%00%(upstream:short)%00%(objectname)%00%(upstream:track)%00%(upstream:remotename)%00%(upstream:remoteref) refs/heads/feature1 refs/remotes/feature1 [2ms]
2023-01-10 15:10:38.287 [info] > git status -z -uall [4ms]
2023-01-10 15:10:38.290 [info] > git for-each-ref --sort -committerdate --format %(refname) %(objectname) %(*objectname) [2ms]
2023-01-10 15:10:39.585 [info] > git ls-files --stage -- /home/ubuntu/ansible-roles-demo/abc.yaml [4ms]
2023-01-10 15:10:39.589 [info] > git cat-file -s 14f791fa472a106da5cd3b9c08b87f343c997b1e [2ms]
2023-01-10 15:10:39.654 [info] > git show --textconv :abc.yaml [2ms]
2023-01-10 15:10:40.846 [info] > git config --get commit.template [5ms]
2023-01-10 15:10:40.848 [info] > git for-each-ref --format=%(refname)%00%(upstream:short)%00%(objectname)%00%(upstream:track)%00%(upstream:remotename)%00%(upstream:remoteref) refs/heads/main refs/remotes/main [3ms]
2023-01-10 15:10:40.859 [info] > git status -z -uall [4ms]
2023-01-10 15:10:40.861 [info] > git for-each-ref --sort -committerdate --format %(refname) %(objectname) %(*objectname) [3ms]
2023-01-10 15:10:41.749 [info] > git ls-files --stage -- /home/ubuntu/ansible-roles-demo/abc.yaml [2ms]
2023-01-10 15:10:41.753 [info] > git cat-file -s 14f791fa472a106da5cd3b9c08b87f343c997b1e [1ms]
2023-01-10 15:10:41.820 [info] > git show --textconv :abc.yaml [2ms]
2023-01-10 15:10:45.874 [info] > git config --get commit.template [5ms]
2023-01-10 15:10:45.876 [info] > git for-each-ref --format=%(refname)%00%(upstream:short)%00%(objectname)%00%(upstream:track)%00%(upstream:remotename)%00%(upstream:remoteref) refs/heads/main refs/remotes/main [3ms]
2023-01-10 15:10:45.883 [info] > git status -z -uall [4ms]
2023-01-10 15:10:45.886 [info] > git for-each-ref --sort -committerdate --format %(refname) %(objectname) %(*objectname) [4ms]
2023-01-10 15:11:08.839 [info] > git config --get commit.template [5ms]
2023-01-10 15:11:08.841 [info] > git for-each-ref --format=%(refname)%00%(upstream:short)%00%(objectname)%00%(upstream:track)%00%(upstream:remotename)%00%(upstream:remoteref) refs/heads/main refs/remotes/main [3ms]
2023-01-10 15:11:08.849 [info] > git status -z -uall [6ms]
2023-01-10 15:11:08.851 [info] > git for-each-ref --sort -committerdate --format %(refname) %(objectname) %(*objectname) [4ms]
2023-01-10 15:11:08.995 [info] > git ls-files --stage -- /home/ubuntu/ansible-roles-demo/abc.yaml [2ms]
2023-01-10 15:11:09.000 [info] > git cat-file -s 14f791fa472a106da5cd3b9c08b87f343c997b1e [1ms]
2023-01-10 15:11:09.070 [info] > git show --textconv :abc.yaml [2ms]
2023-01-10 15:11:41.850 [info] > git config --get commit.template [6ms]
2023-01-10 15:11:41.852 [info] > git for-each-ref --format=%(refname)%00%(upstream:short)%00%(objectname)%00%(upstream:track)%00%(upstream:remotename)%00%(upstream:remoteref) refs/heads/main refs/remotes/main [3ms]
2023-01-10 15:11:41.859 [info] > git status -z -uall [4ms]
2023-01-10 15:11:41.861 [info] > git for-each-ref --sort -committerdate --format %(refname) %(objectname) %(*objectname) [3ms]
2023-01-10 15:11:42.009 [info] > git ls-files --stage -- /home/ubuntu/ansible-roles-demo/abc.yaml [2ms]
2023-01-10 15:11:42.013 [info] > git cat-file -s 14f791fa472a106da5cd3b9c08b87f343c997b1e [1ms]
2023-01-10 15:11:42.079 [info] > git show --textconv :abc.yaml [3ms]
2023-01-10 15:11:52.826 [info] > git config --get commit.template [5ms]
2023-01-10 15:11:52.828 [info] > git for-each-ref --format=%(refname)%00%(upstream:short)%00%(objectname)%00%(upstream:track)%00%(upstream:remotename)%00%(upstream:remoteref) refs/heads/main refs/remotes/main [2ms]
2023-01-10 15:11:52.835 [info] > git status -z -uall [4ms]
2023-01-10 15:11:52.837 [info] > git for-each-ref --sort -committerdate --format %(refname) %(objectname) %(*objectname) [3ms]
2023-01-10 15:11:52.993 [info] > git ls-files --stage -- /home/ubuntu/ansible-roles-demo/abc.yaml [2ms]
2023-01-10 15:11:52.999 [info] > git cat-file -s 14f791fa472a106da5cd3b9c08b87f343c997b1e [2ms]
2023-01-10 15:11:53.068 [info] > git show --textconv :abc.yaml [3ms]
2023-01-10 15:12:34.078 [info] > git config --get commit.template [15ms]
2023-01-10 15:12:34.080 [info] > git for-each-ref --format=%(refname)%00%(upstream:short)%00%(objectname)%00%(upstream:track)%00%(upstream:remotename)%00%(upstream:remoteref) refs/heads/main refs/remotes/main [13ms]
2023-01-10 15:12:34.088 [info] > git status -z -uall [5ms]
2023-01-10 15:12:34.094 [info] > git for-each-ref --sort -committerdate --format %(refname) %(objectname) %(*objectname) [7ms]
2023-01-10 15:12:34.358 [info] > git check-ignore -v -z --stdin [3ms]
2023-01-10 15:13:21.365 [info] > git config --get commit.template [6ms]
2023-01-10 15:13:21.367 [info] > git for-each-ref --format=%(refname)%00%(upstream:short)%00%(objectname)%00%(upstream:track)%00%(upstream:remotename)%00%(upstream:remoteref) refs/heads/main refs/remotes/main [3ms]
2023-01-10 15:13:21.374 [info] > git status -z -uall [5ms]
2023-01-10 15:13:21.376 [info] > git for-each-ref --sort -committerdate --format %(refname) %(objectname) %(*objectname) [3ms]
2023-01-10 15:13:21.525 [info] > git ls-files --stage -- /home/ubuntu/ansible-roles-demo/abc.yaml [4ms]
2023-01-10 15:13:21.530 [info] > git cat-file -s 14f791fa472a106da5cd3b9c08b87f343c997b1e [3ms]
2023-01-10 15:13:21.603 [info] > git show --textconv :abc.yaml [5ms]
2023-01-10 15:13:38.440 [info] > git fetch [146ms]
2023-01-10 15:13:38.440 [info] From https://github.com/ade4tope/ansible-roles-demo
 + 970a480...f04027c main       -> origin/main  (forced update)
2023-01-10 15:13:38.457 [info] > git config --get commit.template [5ms]
2023-01-10 15:13:38.459 [info] > git for-each-ref --format=%(refname)%00%(upstream:short)%00%(objectname)%00%(upstream:track)%00%(upstream:remotename)%00%(upstream:remoteref) refs/heads/main refs/remotes/main [3ms]
2023-01-10 15:13:38.467 [info] > git status -z -uall [5ms]
2023-01-10 15:13:38.471 [info] > git for-each-ref --sort -committerdate --format %(refname) %(objectname) %(*objectname) [4ms]
2023-01-10 15:13:39.590 [info] > git config --get commit.template [5ms]
2023-01-10 15:13:39.591 [info] > git for-each-ref --format=%(refname)%00%(upstream:short)%00%(objectname)%00%(upstream:track)%00%(upstream:remotename)%00%(upstream:remoteref) refs/heads/main refs/remotes/main [2ms]
2023-01-10 15:13:39.599 [info] > git status -z -uall [4ms]
2023-01-10 15:13:39.601 [info] > git for-each-ref --sort -committerdate --format %(refname) %(objectname) %(*objectname) [3ms]
2023-01-10 15:13:39.758 [info] > git ls-files --stage -- /home/ubuntu/ansible-roles-demo/abc.yaml [2ms]
2023-01-10 15:13:39.762 [info] > git cat-file -s 14f791fa472a106da5cd3b9c08b87f343c997b1e [2ms]
2023-01-10 15:13:39.838 [info] > git show --textconv :abc.yaml [2ms]
2023-01-10 15:16:44.383 [info] > git fetch [205ms]
2023-01-10 15:16:44.383 [info] From https://github.com/ade4tope/ansible-roles-demo
   f04027c..c5113c2  main       -> origin/main
2023-01-10 15:16:44.392 [info] > git config --get commit.template [4ms]
2023-01-10 15:16:44.393 [info] > git for-each-ref --format=%(refname)%00%(upstream:short)%00%(objectname)%00%(upstream:track)%00%(upstream:remotename)%00%(upstream:remoteref) refs/heads/main refs/remotes/main [2ms]
2023-01-10 15:16:44.401 [info] > git status -z -uall [4ms]
2023-01-10 15:16:44.404 [info] > git for-each-ref --sort -committerdate --format %(refname) %(objectname) %(*objectname) [3ms]
2023-01-10 15:16:45.527 [info] > git config --get commit.template [4ms]
2023-01-10 15:16:45.529 [info] > git for-each-ref --format=%(refname)%00%(upstream:short)%00%(objectname)%00%(upstream:track)%00%(upstream:remotename)%00%(upstream:remoteref) refs/heads/main refs/remotes/main [2ms]
2023-01-10 15:16:45.536 [info] > git status -z -uall [4ms]
2023-01-10 15:16:45.541 [info] > git for-each-ref --sort -committerdate --format %(refname) %(objectname) %(*objectname) [2ms]
2023-01-10 15:16:45.709 [info] > git ls-files --stage -- /home/ubuntu/ansible-roles-demo/abc.yaml [3ms]
2023-01-10 15:16:45.713 [info] > git cat-file -s 14f791fa472a106da5cd3b9c08b87f343c997b1e [2ms]
2023-01-10 15:16:45.781 [info] > git show --textconv :abc.yaml [2ms]
2023-01-10 15:17:43.216 [info] > git ls-files --stage -- /home/ubuntu/ansible-roles-demo/myinv [3ms]
2023-01-10 15:17:43.221 [info] > git show --textconv :myinv [12ms]
2023-01-10 15:17:43.223 [info] > git cat-file -s 69ef5b3bcdccaf65a2b612815ba832bcf7021083 [2ms]
2023-01-10 15:17:49.397 [info] > git rev-parse --show-toplevel [137ms]
2023-01-10 15:17:49.400 [info] fatal: not a git repository (or any of the parent directories): .git
2023-01-10 15:18:12.287 [info] > git show --textconv :FETCH_HEAD [4ms]
2023-01-10 15:18:12.290 [info] > git ls-files --stage -- /home/ubuntu/ansible-roles-demo/FETCH_HEAD [3ms]
2023-01-10 15:19:44.887 [info] > git fetch [476ms]
2023-01-10 15:19:44.897 [info] > git config --get commit.template [5ms]
2023-01-10 15:19:44.899 [info] > git for-each-ref --format=%(refname)%00%(upstream:short)%00%(objectname)%00%(upstream:track)%00%(upstream:remotename)%00%(upstream:remoteref) refs/heads/main refs/remotes/main [3ms]
2023-01-10 15:19:44.907 [info] > git for-each-ref --sort -committerdate --format %(refname) %(objectname) %(*objectname) [2ms]
2023-01-10 15:19:44.910 [info] > git status -z -uall [8ms]
2023-01-10 15:19:46.040 [info] > git config --get commit.template [5ms]
2023-01-10 15:19:46.042 [info] > git for-each-ref --format=%(refname)%00%(upstream:short)%00%(objectname)%00%(upstream:track)%00%(upstream:remotename)%00%(upstream:remoteref) refs/heads/main refs/remotes/main [3ms]
2023-01-10 15:19:46.051 [info] > git status -z -uall [6ms]
2023-01-10 15:19:46.054 [info] > git for-each-ref --sort -committerdate --format %(refname) %(objectname) %(*objectname) [3ms]
2023-01-10 15:19:46.212 [info] > git ls-files --stage -- /home/ubuntu/ansible-roles-demo/myinv [4ms]
2023-01-10 15:19:46.217 [info] > git ls-files --stage -- /home/ubuntu/ansible-roles-demo/FETCH_HEAD [4ms]
2023-01-10 15:19:46.220 [info] > git cat-file -s 69ef5b3bcdccaf65a2b612815ba832bcf7021083 [4ms]
2023-01-10 15:19:46.291 [info] > git show --textconv :FETCH_HEAD [5ms]
2023-01-10 15:19:46.294 [info] > git show --textconv :myinv [4ms]
2023-01-10 15:22:45.704 [info] > git fetch [771ms]
2023-01-10 15:22:45.719 [info] > git config --get commit.template [4ms]
2023-01-10 15:22:45.720 [info] > git for-each-ref --format=%(refname)%00%(upstream:short)%00%(objectname)%00%(upstream:track)%00%(upstream:remotename)%00%(upstream:remoteref) refs/heads/main refs/remotes/main [3ms]
2023-01-10 15:22:45.729 [info] > git status -z -uall [6ms]
2023-01-10 15:22:45.730 [info] > git for-each-ref --sort -committerdate --format %(refname) %(objectname) %(*objectname) [4ms]
2023-01-10 15:22:46.864 [info] > git config --get commit.template [4ms]
2023-01-10 15:22:46.866 [info] > git for-each-ref --format=%(refname)%00%(upstream:short)%00%(objectname)%00%(upstream:track)%00%(upstream:remotename)%00%(upstream:remoteref) refs/heads/main refs/remotes/main [2ms]
2023-01-10 15:22:46.873 [info] > git status -z -uall [4ms]
2023-01-10 15:22:46.876 [info] > git for-each-ref --sort -committerdate --format %(refname) %(objectname) %(*objectname) [3ms]
2023-01-10 15:22:47.029 [info] > git ls-files --stage -- /home/ubuntu/ansible-roles-demo/myinv [5ms]
2023-01-10 15:22:47.033 [info] > git ls-files --stage -- /home/ubuntu/ansible-roles-demo/FETCH_HEAD [5ms]
2023-01-10 15:22:47.037 [info] > git cat-file -s 69ef5b3bcdccaf65a2b612815ba832bcf7021083 [5ms]
2023-01-10 15:22:47.105 [info] > git show --textconv :FETCH_HEAD [7ms]
2023-01-10 15:22:47.108 [info] > git show --textconv :myinv [3ms]
