2023-01-10 15:33:06.479 [info] Log level: Info
2023-01-10 15:33:06.479 [info] Validating found git in: "git"
2023-01-10 15:33:06.479 [info] Using git "2.34.1" from "git"
2023-01-10 15:33:06.479 [info] > git rev-parse --show-toplevel [71ms]
2023-01-10 15:33:06.479 [info] fatal: not a git repository (or any of the parent directories): .git
2023-01-10 15:33:06.479 [info] > git rev-parse --show-toplevel [14ms]
2023-01-10 15:33:06.479 [info] > git rev-parse --git-dir --git-common-dir [2ms]
2023-01-10 15:33:06.479 [info] Open repository: /home/ubuntu/ansible-roles-demo
2023-01-10 15:33:06.479 [info] > git rev-parse --show-toplevel [14ms]
2023-01-10 15:33:06.479 [info] fatal: not a git repository (or any of the parent directories): .git
2023-01-10 15:33:06.480 [info] > git config --get commit.template [13ms]
2023-01-10 15:33:06.480 [info] > git rev-parse --show-toplevel [9ms]
2023-01-10 15:33:06.480 [info] fatal: not a git repository (or any of the parent directories): .git
2023-01-10 15:33:06.480 [info] > git for-each-ref --format=%(refname)%00%(upstream:short)%00%(objectname)%00%(upstream:track)%00%(upstream:remotename)%00%(upstream:remoteref) refs/heads/main refs/remotes/main [7ms]
2023-01-10 15:33:06.480 [info] > git status -z -uall [12ms]
2023-01-10 15:33:06.480 [info] > git rev-parse --show-toplevel [20ms]
2023-01-10 15:33:06.480 [info] fatal: not a git repository (or any of the parent directories): .git
2023-01-10 15:33:06.480 [info] > git for-each-ref --sort -committerdate --format %(refname) %(objectname) %(*objectname) [14ms]
2023-01-10 15:33:06.480 [info] > git rev-parse --show-toplevel [25ms]
2023-01-10 15:33:06.480 [info] fatal: not a git repository (or any of the parent directories): .git
2023-01-10 15:33:06.480 [info] > git config --get commit.template [19ms]
2023-01-10 15:33:06.480 [info] > git rev-parse --show-toplevel [13ms]
2023-01-10 15:33:06.481 [info] fatal: not a git repository (or any of the parent directories): .git
2023-01-10 15:33:06.481 [info] > git for-each-ref --format=%(refname)%00%(upstream:short)%00%(objectname)%00%(upstream:track)%00%(upstream:remotename)%00%(upstream:remoteref) refs/heads/main refs/remotes/main [139ms]
2023-01-10 15:33:06.481 [info] > git status -z -uall [6ms]
2023-01-10 15:33:06.481 [info] > git for-each-ref --sort -committerdate --format %(refname) %(objectname) %(*objectname) [27ms]
2023-01-10 15:33:06.481 [info] > git fetch [380ms]
2023-01-10 15:33:06.481 [info] > git config --get commit.template [5ms]
2023-01-10 15:33:06.481 [info] > git for-each-ref --format=%(refname)%00%(upstream:short)%00%(objectname)%00%(upstream:track)%00%(upstream:remotename)%00%(upstream:remoteref) refs/heads/main refs/remotes/main [7ms]
2023-01-10 15:33:06.481 [info] > git status -z -uall [6ms]
2023-01-10 15:33:06.481 [info] > git for-each-ref --sort -committerdate --format %(refname) %(objectname) %(*objectname) [5ms]
2023-01-10 15:33:06.481 [info] > git rev-parse --show-toplevel [3ms]
2023-01-10 15:33:06.481 [info] fatal: not a git repository (or any of the parent directories): .git
2023-01-10 15:33:06.481 [info] > git show --textconv :myinv [10ms]
2023-01-10 15:33:06.481 [info] > git rev-parse --show-toplevel [30ms]
2023-01-10 15:33:06.482 [info] fatal: not a git repository (or any of the parent directories): .git
2023-01-10 15:33:06.482 [info] > git ls-files --stage -- /home/ubuntu/ansible-roles-demo/myinv [7ms]
2023-01-10 15:33:06.482 [info] > git cat-file -s 69ef5b3bcdccaf65a2b612815ba832bcf7021083 [7ms]
2023-01-10 15:33:06.583 [info] > git check-ignore -v -z --stdin [4ms]
2023-01-10 15:33:07.500 [info] > git config --get commit.template [8ms]
2023-01-10 15:33:07.502 [info] > git for-each-ref --format=%(refname)%00%(upstream:short)%00%(objectname)%00%(upstream:track)%00%(upstream:remotename)%00%(upstream:remoteref) refs/heads/main refs/remotes/main [3ms]
2023-01-10 15:33:07.510 [info] > git status -z -uall [5ms]
2023-01-10 15:33:07.513 [info] > git for-each-ref --sort -committerdate --format %(refname) %(objectname) %(*objectname) [4ms]
2023-01-10 15:33:07.652 [info] > git ls-files --stage -- /home/ubuntu/ansible-roles-demo/myinv [3ms]
2023-01-10 15:33:07.657 [info] > git cat-file -s 69ef5b3bcdccaf65a2b612815ba832bcf7021083 [1ms]
2023-01-10 15:33:07.730 [info] > git show --textconv :myinv [2ms]
2023-01-10 15:40:17.613 [info] > git fetch [233ms]
2023-01-10 15:40:17.614 [info] From https://github.com/ade4tope/ansible-roles-demo
   c5113c2..c1ce4f4  main       -> origin/main
2023-01-10 15:40:17.636 [info] > git config --get commit.template [11ms]
2023-01-10 15:40:17.637 [info] > git for-each-ref --format=%(refname)%00%(upstream:short)%00%(objectname)%00%(upstream:track)%00%(upstream:remotename)%00%(upstream:remoteref) refs/heads/main refs/remotes/main [4ms]
2023-01-10 15:40:17.644 [info] > git status -z -uall [5ms]
2023-01-10 15:40:17.647 [info] > git for-each-ref --sort -committerdate --format %(refname) %(objectname) %(*objectname) [3ms]
2023-01-10 15:40:18.776 [info] > git config --get commit.template [6ms]
2023-01-10 15:40:18.778 [info] > git for-each-ref --format=%(refname)%00%(upstream:short)%00%(objectname)%00%(upstream:track)%00%(upstream:remotename)%00%(upstream:remoteref) refs/heads/main refs/remotes/main [3ms]
2023-01-10 15:40:18.787 [info] > git status -z -uall [4ms]
2023-01-10 15:40:18.789 [info] > git for-each-ref --sort -committerdate --format %(refname) %(objectname) %(*objectname) [3ms]
2023-01-10 15:40:18.936 [info] > git ls-files --stage -- /home/ubuntu/ansible-roles-demo/myinv [3ms]
2023-01-10 15:40:18.941 [info] > git cat-file -s 69ef5b3bcdccaf65a2b612815ba832bcf7021083 [2ms]
2023-01-10 15:40:19.016 [info] > git show --textconv :myinv [2ms]
2023-01-10 15:42:24.184 [warning] ENOENT: no such file or directory, open '/home/ubuntu/ansible-roles-demo/.git/HEAD'
2023-01-10 15:42:24.192 [warning] ENOENT: no such file or directory, open '/home/ubuntu/ansible-roles-demo/.git/config'
2023-01-10 15:43:04.496 [info] > git rev-parse --show-toplevel [5ms]
2023-01-10 15:43:04.496 [info] fatal: not a git repository (or any of the parent directories): .git
2023-01-10 15:43:07.160 [info] > git rev-parse --show-toplevel [2ms]
2023-01-10 15:43:07.160 [info] fatal: not a git repository (or any of the parent directories): .git
2023-01-10 15:43:19.029 [info] > git rev-parse --show-toplevel [3ms]
2023-01-10 15:43:19.029 [info] fatal: not a git repository (or any of the parent directories): .git
2023-01-10 15:43:51.967 [info] > git rev-parse --show-toplevel [2ms]
2023-01-10 15:43:51.972 [info] > git rev-parse --git-dir --git-common-dir [2ms]
2023-01-10 15:43:51.988 [info] Open repository: /home/ubuntu/demo
2023-01-10 15:43:52.005 [info] > git config --get commit.template [9ms]
2023-01-10 15:43:52.014 [info] > git for-each-ref --format=%(refname)%00%(upstream:short)%00%(objectname)%00%(upstream:track)%00%(upstream:remotename)%00%(upstream:remoteref) refs/heads/main refs/remotes/main [11ms]
2023-01-10 15:43:52.039 [info] > git status -z -uall [17ms]
2023-01-10 15:43:52.042 [info] > git for-each-ref --sort -committerdate --format %(refname) %(objectname) %(*objectname) [6ms]
2023-01-10 15:43:52.211 [info] > git fetch [225ms]
2023-01-10 15:43:52.231 [info] > git config --get commit.template [5ms]
2023-01-10 15:43:52.234 [info] > git for-each-ref --format=%(refname)%00%(upstream:short)%00%(objectname)%00%(upstream:track)%00%(upstream:remotename)%00%(upstream:remoteref) refs/heads/main refs/remotes/main [4ms]
2023-01-10 15:43:52.249 [info] > git status -z -uall [10ms]
2023-01-10 15:43:52.254 [info] > git for-each-ref --sort -committerdate --format %(refname) %(objectname) %(*objectname) [6ms]
2023-01-10 15:43:52.425 [info] > git show --textconv :abc.yaml [17ms]
2023-01-10 15:43:52.433 [info] > git ls-files --stage -- /home/ubuntu/demo/abc.yaml [16ms]
2023-01-10 15:43:52.449 [info] > git cat-file -s 14f791fa472a106da5cd3b9c08b87f343c997b1e [3ms]
2023-01-10 15:43:52.582 [info] > git check-ignore -v -z --stdin [4ms]
2023-01-10 15:44:26.341 [info] > git rev-parse --show-toplevel [2ms]
2023-01-10 15:44:26.341 [info] fatal: not a git repository (or any of the parent directories): .git
2023-01-10 15:45:13.526 [info] > git rev-parse --show-toplevel [2ms]
2023-01-10 15:45:13.526 [info] fatal: not a git repository (or any of the parent directories): .git
2023-01-10 15:45:20.358 [info] > git show --textconv :myinv [5ms]
2023-01-10 15:45:20.360 [info] > git ls-files --stage -- /home/ubuntu/demo/myinv [3ms]
2023-01-10 15:45:20.364 [info] > git cat-file -s 69ef5b3bcdccaf65a2b612815ba832bcf7021083 [2ms]
2023-01-10 15:45:29.988 [info] > git rev-parse --show-toplevel [2ms]
2023-01-10 15:45:29.988 [info] fatal: not a git repository (or any of the parent directories): .git
2023-01-10 15:46:52.420 [info] > git fetch [160ms]
2023-01-10 15:46:52.429 [info] > git config --get commit.template [5ms]
2023-01-10 15:46:52.430 [info] > git for-each-ref --format=%(refname)%00%(upstream:short)%00%(objectname)%00%(upstream:track)%00%(upstream:remotename)%00%(upstream:remoteref) refs/heads/main refs/remotes/main [2ms]
2023-01-10 15:46:52.439 [info] > git status -z -uall [4ms]
2023-01-10 15:46:52.442 [info] > git for-each-ref --sort -committerdate --format %(refname) %(objectname) %(*objectname) [4ms]
2023-01-10 15:46:53.569 [info] > git config --get commit.template [5ms]
2023-01-10 15:46:53.570 [info] > git for-each-ref --format=%(refname)%00%(upstream:short)%00%(objectname)%00%(upstream:track)%00%(upstream:remotename)%00%(upstream:remoteref) refs/heads/main refs/remotes/main [2ms]
2023-01-10 15:46:53.577 [info] > git status -z -uall [4ms]
2023-01-10 15:46:53.580 [info] > git for-each-ref --sort -committerdate --format %(refname) %(objectname) %(*objectname) [3ms]
2023-01-10 15:49:52.714 [info] > git fetch [262ms]
2023-01-10 15:49:52.724 [info] > git config --get commit.template [4ms]
2023-01-10 15:49:52.726 [info] > git for-each-ref --format=%(refname)%00%(upstream:short)%00%(objectname)%00%(upstream:track)%00%(upstream:remotename)%00%(upstream:remoteref) refs/heads/main refs/remotes/main [3ms]
2023-01-10 15:49:52.735 [info] > git status -z -uall [7ms]
2023-01-10 15:49:52.736 [info] > git for-each-ref --sort -committerdate --format %(refname) %(objectname) %(*objectname) [4ms]
2023-01-10 15:49:53.864 [info] > git config --get commit.template [5ms]
2023-01-10 15:49:53.866 [info] > git for-each-ref --format=%(refname)%00%(upstream:short)%00%(objectname)%00%(upstream:track)%00%(upstream:remotename)%00%(upstream:remoteref) refs/heads/main refs/remotes/main [2ms]
2023-01-10 15:49:53.873 [info] > git status -z -uall [4ms]
2023-01-10 15:49:53.876 [info] > git for-each-ref --sort -committerdate --format %(refname) %(objectname) %(*objectname) [3ms]
2023-01-10 15:51:50.894 [info] > git rev-parse --show-toplevel [3ms]
2023-01-10 15:51:50.899 [info] > git rev-parse --git-dir --git-common-dir [1ms]
2023-01-10 15:51:50.906 [info] Open repository: /home/ubuntu
2023-01-10 15:51:50.919 [warning] No remotes found in the git config file.
2023-01-10 15:51:50.920 [info] > git for-each-ref --format=%(refname)%00%(upstream:short)%00%(objectname)%00%(upstream:track)%00%(upstream:remotename)%00%(upstream:remoteref) refs/heads/master refs/remotes/master [4ms]
2023-01-10 15:51:50.920 [info] > git fetch [14ms]
2023-01-10 15:51:50.921 [info] > git config --get commit.template [11ms]
2023-01-10 15:51:50.925 [info] > git remote --verbose [6ms]
2023-01-10 15:51:50.933 [warning] No remotes found in the git config file.
2023-01-10 15:51:50.934 [info] > git for-each-ref --format=%(refname)%00%(upstream:short)%00%(objectname)%00%(upstream:track)%00%(upstream:remotename)%00%(upstream:remoteref) refs/heads/master refs/remotes/master [4ms]
2023-01-10 15:51:50.934 [info] > git config --get commit.template [10ms]
2023-01-10 15:51:50.935 [info] > git remote --verbose [2ms]
2023-01-10 15:51:50.946 [info] > git for-each-ref --sort -committerdate --format %(refname) %(objectname) %(*objectname) [2ms]
2023-01-10 15:51:51.345 [info] > git show --textconv :playbook/common.yaml [13ms]
2023-01-10 15:51:51.345 [info] > git show --textconv :inventory/dev [8ms]
2023-01-10 15:51:51.346 [info] > git ls-files --stage -- /home/ubuntu/playbook/common.yaml [5ms]
2023-01-10 15:51:51.354 [info] > git status -z -uall [415ms]
2023-01-10 15:51:51.354 [info] > git ls-files --stage -- /home/ubuntu/inventory/dev [9ms]
2023-01-10 15:51:51.914 [info] > git check-ignore -v -z --stdin [14ms]
2023-01-10 15:51:51.918 [info] > git check-ignore -v -z --stdin [12ms]
2023-01-10 15:51:52.230 [info] > git ls-files --stage -- /home/ubuntu/playbook/common.yaml [6ms]
2023-01-10 15:51:52.233 [info] > git ls-files --stage -- /home/ubuntu/inventory/dev [4ms]
2023-01-10 15:51:52.312 [info] > git show --textconv :playbook/common.yaml [5ms]
2023-01-10 15:51:52.315 [info] > git show --textconv :inventory/dev [3ms]
2023-01-10 15:51:53.545 [warning] No remotes found in the git config file.
2023-01-10 15:51:53.546 [info] > git for-each-ref --format=%(refname)%00%(upstream:short)%00%(objectname)%00%(upstream:track)%00%(upstream:remotename)%00%(upstream:remoteref) refs/heads/master refs/remotes/master [5ms]
2023-01-10 15:51:53.546 [info] > git config --get commit.template [9ms]
2023-01-10 15:51:53.548 [info] > git remote --verbose [3ms]
2023-01-10 15:51:53.562 [info] > git for-each-ref --sort -committerdate --format %(refname) %(objectname) %(*objectname) [3ms]
2023-01-10 15:51:53.577 [info] > git status -z -uall [25ms]
2023-01-10 15:51:58.648 [warning] No remotes found in the git config file.
2023-01-10 15:51:58.649 [info] > git for-each-ref --format=%(refname)%00%(upstream:short)%00%(objectname)%00%(upstream:track)%00%(upstream:remotename)%00%(upstream:remoteref) refs/heads/master refs/remotes/master [5ms]
2023-01-10 15:51:58.649 [info] > git config --get commit.template [10ms]
2023-01-10 15:51:58.650 [info] > git remote --verbose [2ms]
2023-01-10 15:51:58.663 [info] > git for-each-ref --sort -committerdate --format %(refname) %(objectname) %(*objectname) [1ms]
2023-01-10 15:51:58.675 [info] > git status -z -uall [21ms]
2023-01-10 15:52:03.728 [warning] No remotes found in the git config file.
2023-01-10 15:52:03.728 [info] > git for-each-ref --format=%(refname)%00%(upstream:short)%00%(objectname)%00%(upstream:track)%00%(upstream:remotename)%00%(upstream:remoteref) refs/heads/master refs/remotes/master [5ms]
2023-01-10 15:52:03.729 [info] > git config --get commit.template [11ms]
2023-01-10 15:52:03.730 [info] > git remote --verbose [2ms]
2023-01-10 15:52:03.744 [info] > git for-each-ref --sort -committerdate --format %(refname) %(objectname) %(*objectname) [2ms]
2023-01-10 15:52:03.762 [info] > git status -z -uall [29ms]
2023-01-10 15:52:08.811 [warning] No remotes found in the git config file.
2023-01-10 15:52:08.811 [info] > git for-each-ref --format=%(refname)%00%(upstream:short)%00%(objectname)%00%(upstream:track)%00%(upstream:remotename)%00%(upstream:remoteref) refs/heads/master refs/remotes/master [4ms]
2023-01-10 15:52:08.811 [info] > git config --get commit.template [9ms]
2023-01-10 15:52:08.813 [info] > git remote --verbose [2ms]
2023-01-10 15:52:08.825 [info] > git for-each-ref --sort -committerdate --format %(refname) %(objectname) %(*objectname) [3ms]
2023-01-10 15:52:08.837 [info] > git status -z -uall [21ms]
2023-01-10 15:52:13.879 [warning] No remotes found in the git config file.
2023-01-10 15:52:13.880 [info] > git for-each-ref --format=%(refname)%00%(upstream:short)%00%(objectname)%00%(upstream:track)%00%(upstream:remotename)%00%(upstream:remoteref) refs/heads/master refs/remotes/master [5ms]
2023-01-10 15:52:13.881 [info] > git config --get commit.template [10ms]
2023-01-10 15:52:13.882 [info] > git remote --verbose [3ms]
2023-01-10 15:52:13.895 [info] > git for-each-ref --sort -committerdate --format %(refname) %(objectname) %(*objectname) [1ms]
2023-01-10 15:52:13.906 [info] > git status -z -uall [21ms]
2023-01-10 15:52:18.962 [warning] No remotes found in the git config file.
2023-01-10 15:52:18.962 [info] > git for-each-ref --format=%(refname)%00%(upstream:short)%00%(objectname)%00%(upstream:track)%00%(upstream:remotename)%00%(upstream:remoteref) refs/heads/master refs/remotes/master [5ms]
2023-01-10 15:52:18.963 [info] > git config --get commit.template [11ms]
2023-01-10 15:52:18.964 [info] > git remote --verbose [2ms]
2023-01-10 15:52:18.977 [info] > git for-each-ref --sort -committerdate --format %(refname) %(objectname) %(*objectname) [3ms]
2023-01-10 15:52:18.989 [info] > git status -z -uall [22ms]
2023-01-10 15:52:24.030 [warning] No remotes found in the git config file.
2023-01-10 15:52:24.031 [info] > git for-each-ref --format=%(refname)%00%(upstream:short)%00%(objectname)%00%(upstream:track)%00%(upstream:remotename)%00%(upstream:remoteref) refs/heads/master refs/remotes/master [4ms]
2023-01-10 15:52:24.031 [info] > git config --get commit.template [10ms]
2023-01-10 15:52:24.032 [info] > git remote --verbose [2ms]
2023-01-10 15:52:24.045 [info] > git for-each-ref --sort -committerdate --format %(refname) %(objectname) %(*objectname) [3ms]
2023-01-10 15:52:24.057 [info] > git status -z -uall [21ms]
2023-01-10 15:52:29.103 [warning] No remotes found in the git config file.
2023-01-10 15:52:29.103 [info] > git for-each-ref --format=%(refname)%00%(upstream:short)%00%(objectname)%00%(upstream:track)%00%(upstream:remotename)%00%(upstream:remoteref) refs/heads/master refs/remotes/master [5ms]
2023-01-10 15:52:29.103 [info] > git config --get commit.template [10ms]
2023-01-10 15:52:29.105 [info] > git remote --verbose [2ms]
2023-01-10 15:52:29.118 [info] > git for-each-ref --sort -committerdate --format %(refname) %(objectname) %(*objectname) [3ms]
2023-01-10 15:52:29.130 [info] > git status -z -uall [22ms]
2023-01-10 15:52:34.191 [warning] No remotes found in the git config file.
2023-01-10 15:52:34.192 [info] > git for-each-ref --format=%(refname)%00%(upstream:short)%00%(objectname)%00%(upstream:track)%00%(upstream:remotename)%00%(upstream:remoteref) refs/heads/master refs/remotes/master [5ms]
2023-01-10 15:52:34.192 [info] > git config --get commit.template [10ms]
2023-01-10 15:52:34.194 [info] > git remote --verbose [3ms]
2023-01-10 15:52:34.208 [info] > git for-each-ref --sort -committerdate --format %(refname) %(objectname) %(*objectname) [2ms]
2023-01-10 15:52:34.220 [info] > git status -z -uall [22ms]
2023-01-10 15:52:38.346 [info] > git ls-files --stage -- /home/ubuntu/playbook/common.yaml [5ms]
2023-01-10 15:52:38.348 [info] > git ls-files --stage -- /home/ubuntu/inventory/dev [3ms]
2023-01-10 15:52:38.428 [info] > git show --textconv :playbook/common.yaml [6ms]
2023-01-10 15:52:38.431 [info] > git show --textconv :inventory/dev [3ms]
2023-01-10 15:52:39.714 [warning] No remotes found in the git config file.
2023-01-10 15:52:39.714 [info] > git for-each-ref --format=%(refname)%00%(upstream:short)%00%(objectname)%00%(upstream:track)%00%(upstream:remotename)%00%(upstream:remoteref) refs/heads/main refs/remotes/main [4ms]
2023-01-10 15:52:39.715 [info] > git config --get commit.template [10ms]
2023-01-10 15:52:39.717 [info] > git remote --verbose [3ms]
2023-01-10 15:52:39.733 [info] > git for-each-ref --sort -committerdate --format %(refname) %(objectname) %(*objectname) [7ms]
2023-01-10 15:52:39.742 [info] > git status -z -uall [22ms]
2023-01-10 15:52:44.792 [warning] No remotes found in the git config file.
2023-01-10 15:52:44.793 [info] > git for-each-ref --format=%(refname)%00%(upstream:short)%00%(objectname)%00%(upstream:track)%00%(upstream:remotename)%00%(upstream:remoteref) refs/heads/main refs/remotes/main [5ms]
2023-01-10 15:52:44.793 [info] > git config --get commit.template [10ms]
2023-01-10 15:52:44.794 [info] > git remote --verbose [2ms]
2023-01-10 15:52:44.808 [info] > git for-each-ref --sort -committerdate --format %(refname) %(objectname) %(*objectname) [1ms]
2023-01-10 15:52:44.820 [info] > git status -z -uall [22ms]
2023-01-10 15:52:49.866 [warning] No remotes found in the git config file.
2023-01-10 15:52:49.867 [info] > git for-each-ref --format=%(refname)%00%(upstream:short)%00%(objectname)%00%(upstream:track)%00%(upstream:remotename)%00%(upstream:remoteref) refs/heads/main refs/remotes/main [5ms]
2023-01-10 15:52:49.867 [info] > git config --get commit.template [9ms]
2023-01-10 15:52:49.868 [info] > git remote --verbose [2ms]
2023-01-10 15:52:49.880 [info] > git for-each-ref --sort -committerdate --format %(refname) %(objectname) %(*objectname) [2ms]
2023-01-10 15:52:49.893 [info] > git status -z -uall [22ms]
2023-01-10 15:52:52.900 [info] > git fetch [158ms]
2023-01-10 15:52:52.910 [info] > git config --get commit.template [4ms]
2023-01-10 15:52:52.913 [info] > git for-each-ref --format=%(refname)%00%(upstream:short)%00%(objectname)%00%(upstream:track)%00%(upstream:remotename)%00%(upstream:remoteref) refs/heads/main refs/remotes/main [2ms]
2023-01-10 15:52:52.922 [info] > git status -z -uall [5ms]
2023-01-10 15:52:52.924 [info] > git for-each-ref --sort -committerdate --format %(refname) %(objectname) %(*objectname) [3ms]
2023-01-10 15:52:54.056 [info] > git config --get commit.template [5ms]
2023-01-10 15:52:54.057 [info] > git for-each-ref --format=%(refname)%00%(upstream:short)%00%(objectname)%00%(upstream:track)%00%(upstream:remotename)%00%(upstream:remoteref) refs/heads/main refs/remotes/main [2ms]
2023-01-10 15:52:54.066 [info] > git status -z -uall [5ms]
2023-01-10 15:52:54.069 [info] > git for-each-ref --sort -committerdate --format %(refname) %(objectname) %(*objectname) [4ms]
2023-01-10 15:52:54.943 [warning] No remotes found in the git config file.
2023-01-10 15:52:54.943 [info] > git for-each-ref --format=%(refname)%00%(upstream:short)%00%(objectname)%00%(upstream:track)%00%(upstream:remotename)%00%(upstream:remoteref) refs/heads/main refs/remotes/main [4ms]
2023-01-10 15:52:54.943 [info] > git config --get commit.template [9ms]
2023-01-10 15:52:54.945 [info] > git remote --verbose [2ms]
2023-01-10 15:52:54.957 [info] > git for-each-ref --sort -committerdate --format %(refname) %(objectname) %(*objectname) [3ms]
2023-01-10 15:52:54.970 [info] > git status -z -uall [22ms]
2023-01-10 15:53:00.031 [warning] No remotes found in the git config file.
2023-01-10 15:53:00.031 [info] > git for-each-ref --format=%(refname)%00%(upstream:short)%00%(objectname)%00%(upstream:track)%00%(upstream:remotename)%00%(upstream:remoteref) refs/heads/main refs/remotes/main [11ms]
2023-01-10 15:53:00.032 [info] > git config --get commit.template [20ms]
2023-01-10 15:53:00.033 [info] > git remote --verbose [3ms]
2023-01-10 15:53:00.066 [info] > git for-each-ref --sort -committerdate --format %(refname) %(objectname) %(*objectname) [14ms]
2023-01-10 15:53:00.073 [info] > git status -z -uall [30ms]
2023-01-10 15:53:05.135 [warning] No remotes found in the git config file.
2023-01-10 15:53:05.136 [info] > git for-each-ref --format=%(refname)%00%(upstream:short)%00%(objectname)%00%(upstream:track)%00%(upstream:remotename)%00%(upstream:remoteref) refs/heads/main refs/remotes/main [6ms]
2023-01-10 15:53:05.136 [info] > git config --get commit.template [12ms]
2023-01-10 15:53:05.138 [info] > git remote --verbose [3ms]
2023-01-10 15:53:05.157 [info] > git for-each-ref --sort -committerdate --format %(refname) %(objectname) %(*objectname) [6ms]
2023-01-10 15:53:05.167 [info] > git status -z -uall [25ms]
2023-01-10 15:53:16.588 [warning] No remotes found in the git config file.
2023-01-10 15:53:16.589 [info] > git for-each-ref --format=%(refname)%00%(upstream:short)%00%(objectname)%00%(upstream:track)%00%(upstream:remotename)%00%(upstream:remoteref) refs/heads/main refs/remotes/main [5ms]
2023-01-10 15:53:16.589 [info] > git config --get commit.template [11ms]
2023-01-10 15:53:16.590 [info] > git remote --verbose [2ms]
2023-01-10 15:53:16.604 [info] > git for-each-ref --sort -committerdate --format %(refname) %(objectname) %(*objectname) [2ms]
2023-01-10 15:53:16.617 [info] > git status -z -uall [23ms]
2023-01-10 15:53:19.600 [info] > git ls-files --stage -- /home/ubuntu/playbook/common.yaml [5ms]
2023-01-10 15:53:19.603 [info] > git ls-files --stage -- /home/ubuntu/inventory/dev [3ms]
2023-01-10 15:53:19.675 [info] > git show --textconv :playbook/common.yaml [6ms]
2023-01-10 15:53:19.678 [info] > git show --textconv :inventory/dev [4ms]
2023-01-10 15:53:21.670 [info] > git config --get commit.template [5ms]
2023-01-10 15:53:21.672 [info] > git for-each-ref --format=%(refname)%00%(upstream:short)%00%(objectname)%00%(upstream:track)%00%(upstream:remotename)%00%(upstream:remoteref) refs/heads/main refs/remotes/main [2ms]
2023-01-10 15:53:21.686 [info] > git for-each-ref --sort -committerdate --format %(refname) %(objectname) %(*objectname) [3ms]
2023-01-10 15:53:21.698 [info] > git status -z -uall [23ms]
2023-01-10 15:53:26.768 [info] > git config --get commit.template [18ms]
2023-01-10 15:53:26.774 [info] > git for-each-ref --format=%(refname)%00%(upstream:short)%00%(objectname)%00%(upstream:track)%00%(upstream:remotename)%00%(upstream:remoteref) refs/heads/main refs/remotes/main [9ms]
2023-01-10 15:53:26.797 [info] > git for-each-ref --sort -committerdate --format %(refname) %(objectname) %(*objectname) [5ms]
2023-01-10 15:53:27.156 [info] > git status -z -uall [373ms]
2023-01-10 15:53:32.269 [info] > git config --get commit.template [30ms]
2023-01-10 15:53:32.270 [info] > git for-each-ref --format=%(refname)%00%(upstream:short)%00%(objectname)%00%(upstream:track)%00%(upstream:remotename)%00%(upstream:remoteref) refs/heads/main refs/remotes/main [25ms]
2023-01-10 15:53:32.286 [info] > git for-each-ref --sort -committerdate --format %(refname) %(objectname) %(*objectname) [3ms]
2023-01-10 15:53:32.422 [info] > git status -z -uall [147ms]
2023-01-10 15:53:34.111 [info] > git ls-files --stage -- /home/ubuntu/playbook/common.yaml [7ms]
2023-01-10 15:53:34.117 [info] > git ls-files --stage -- /home/ubuntu/inventory/dev [24ms]
2023-01-10 15:53:34.122 [info] > git cat-file -s b01baed4b3a139535615f5d9247695eda157b48f [6ms]
2023-01-10 15:53:34.124 [info] > git cat-file -s 674550b09218564d9160b73769d351e530250053 [3ms]
2023-01-10 15:53:34.201 [info] > git show --textconv :playbook/common.yaml [7ms]
2023-01-10 15:53:34.204 [info] > git show --textconv :inventory/dev [4ms]
2023-01-10 15:53:37.597 [info] > git config --get commit.template [5ms]
2023-01-10 15:53:37.599 [info] > git for-each-ref --format=%(refname)%00%(upstream:short)%00%(objectname)%00%(upstream:track)%00%(upstream:remotename)%00%(upstream:remoteref) refs/heads/main refs/remotes/main [2ms]
2023-01-10 15:53:37.610 [info] > git for-each-ref --sort -committerdate --format %(refname) %(objectname) %(*objectname) [4ms]
2023-01-10 15:53:37.702 [info] > git status -z -uall [100ms]
2023-01-10 15:53:42.747 [info] > git config --get commit.template [5ms]
2023-01-10 15:53:42.749 [info] > git for-each-ref --format=%(refname)%00%(upstream:short)%00%(objectname)%00%(upstream:track)%00%(upstream:remotename)%00%(upstream:remoteref) refs/heads/main refs/remotes/main [2ms]
2023-01-10 15:53:42.762 [info] > git for-each-ref --sort -committerdate --format %(refname) %(objectname) %(*objectname) [5ms]
2023-01-10 15:53:42.777 [info] > git status -z -uall [25ms]
2023-01-10 15:53:47.819 [info] > git config --get commit.template [5ms]
2023-01-10 15:53:47.822 [info] > git for-each-ref --format=%(refname)%00%(upstream:short)%00%(objectname)%00%(upstream:track)%00%(upstream:remotename)%00%(upstream:remoteref) refs/heads/main refs/remotes/main [4ms]
2023-01-10 15:53:47.836 [info] > git for-each-ref --sort -committerdate --format %(refname) %(objectname) %(*objectname) [6ms]
2023-01-10 15:53:47.852 [info] > git status -z -uall [26ms]
2023-01-10 15:53:52.961 [info] > git for-each-ref --format=%(refname)%00%(upstream:short)%00%(objectname)%00%(upstream:track)%00%(upstream:remotename)%00%(upstream:remoteref) refs/heads/main refs/remotes/main [1ms]
2023-01-10 15:53:52.963 [info] > git config --get commit.template [24ms]
2023-01-10 15:53:52.999 [info] > git for-each-ref --sort -committerdate --format %(refname) %(objectname) %(*objectname) [24ms]
2023-01-10 15:53:53.015 [info] > git status -z -uall [47ms]
2023-01-10 15:53:58.051 [info] > git config --get commit.template [5ms]
2023-01-10 15:53:58.053 [info] > git for-each-ref --format=%(refname)%00%(upstream:short)%00%(objectname)%00%(upstream:track)%00%(upstream:remotename)%00%(upstream:remoteref) refs/heads/main refs/remotes/main [3ms]
2023-01-10 15:53:58.068 [info] > git for-each-ref --sort -committerdate --format %(refname) %(objectname) %(*objectname) [3ms]
2023-01-10 15:53:58.083 [info] > git status -z -uall [26ms]
2023-01-10 15:54:03.131 [info] > git config --get commit.template [6ms]
2023-01-10 15:54:03.132 [info] > git for-each-ref --format=%(refname)%00%(upstream:short)%00%(objectname)%00%(upstream:track)%00%(upstream:remotename)%00%(upstream:remoteref) refs/heads/main refs/remotes/main [2ms]
2023-01-10 15:54:03.147 [info] > git for-each-ref --sort -committerdate --format %(refname) %(objectname) %(*objectname) [7ms]
2023-01-10 15:54:03.198 [info] > git status -z -uall [62ms]
2023-01-10 15:54:08.255 [info] > git config --get commit.template [5ms]
2023-01-10 15:54:08.256 [info] > git for-each-ref --format=%(refname)%00%(upstream:short)%00%(objectname)%00%(upstream:track)%00%(upstream:remotename)%00%(upstream:remoteref) refs/heads/main refs/remotes/main [2ms]
2023-01-10 15:54:08.269 [info] > git for-each-ref --sort -committerdate --format %(refname) %(objectname) %(*objectname) [6ms]
2023-01-10 15:54:08.285 [info] > git status -z -uall [26ms]
2023-01-10 15:54:13.023 [info] > git ls-files --stage -- /home/ubuntu/playbook/common.yaml [5ms]
2023-01-10 15:54:13.029 [info] > git ls-files --stage -- /home/ubuntu/inventory/dev [6ms]
2023-01-10 15:54:13.033 [info] > git cat-file -s b01baed4b3a139535615f5d9247695eda157b48f [5ms]
2023-01-10 15:54:13.036 [info] > git cat-file -s 674550b09218564d9160b73769d351e530250053 [3ms]
2023-01-10 15:54:13.111 [info] > git show --textconv :playbook/common.yaml [9ms]
2023-01-10 15:54:13.114 [info] > git show --textconv :inventory/dev [4ms]
2023-01-10 15:54:13.322 [info] > git config --get commit.template [5ms]
2023-01-10 15:54:13.323 [info] > git for-each-ref --format=%(refname)%00%(upstream:short)%00%(objectname)%00%(upstream:track)%00%(upstream:remotename)%00%(upstream:remoteref) refs/heads/main refs/remotes/main [2ms]
2023-01-10 15:54:13.341 [info] > git for-each-ref --sort -committerdate --format %(refname) %(objectname) %(*objectname) [11ms]
2023-01-10 15:54:13.350 [info] > git status -z -uall [24ms]
2023-01-10 15:54:16.523 [info] > git ls-files --stage -- /home/ubuntu/playbook/common.yaml [5ms]
2023-01-10 15:54:16.528 [info] > git ls-files --stage -- /home/ubuntu/inventory/dev [5ms]
2023-01-10 15:54:16.533 [info] > git cat-file -s b01baed4b3a139535615f5d9247695eda157b48f [5ms]
2023-01-10 15:54:16.535 [info] > git cat-file -s 674550b09218564d9160b73769d351e530250053 [3ms]
2023-01-10 15:54:16.609 [info] > git show --textconv :playbook/common.yaml [7ms]
2023-01-10 15:54:16.612 [info] > git show --textconv :inventory/dev [4ms]
2023-01-10 15:54:18.400 [info] > git config --get commit.template [7ms]
2023-01-10 15:54:18.402 [info] > git for-each-ref --format=%(refname)%00%(upstream:short)%00%(objectname)%00%(upstream:track)%00%(upstream:remotename)%00%(upstream:remoteref) refs/heads/main refs/remotes/main [3ms]
2023-01-10 15:54:18.418 [info] > git for-each-ref --sort -committerdate --format %(refname) %(objectname) %(*objectname) [5ms]
2023-01-10 15:54:18.478 [info] > git status -z -uall [73ms]
2023-01-10 15:54:23.528 [info] > git config --get commit.template [5ms]
2023-01-10 15:54:23.531 [info] > git for-each-ref --format=%(refname)%00%(upstream:short)%00%(objectname)%00%(upstream:track)%00%(upstream:remotename)%00%(upstream:remoteref) refs/heads/main refs/remotes/main [4ms]
2023-01-10 15:54:23.558 [info] > git for-each-ref --sort -committerdate --format %(refname) %(objectname) %(*objectname) [5ms]
2023-01-10 15:54:23.576 [info] > git status -z -uall [38ms]
2023-01-10 15:54:24.215 [info] > git ls-files --stage -- /home/ubuntu/playbook/common.yaml [6ms]
2023-01-10 15:54:24.221 [info] > git ls-files --stage -- /home/ubuntu/inventory/dev [5ms]
2023-01-10 15:54:24.226 [info] > git cat-file -s b01baed4b3a139535615f5d9247695eda157b48f [5ms]
2023-01-10 15:54:24.228 [info] > git cat-file -s 674550b09218564d9160b73769d351e530250053 [3ms]
2023-01-10 15:54:24.306 [info] > git show --textconv :playbook/common.yaml [6ms]
2023-01-10 15:54:24.309 [info] > git show --textconv :inventory/dev [3ms]
2023-01-10 15:54:28.621 [info] > git config --get commit.template [6ms]
2023-01-10 15:54:28.622 [info] > git for-each-ref --format=%(refname)%00%(upstream:short)%00%(objectname)%00%(upstream:track)%00%(upstream:remotename)%00%(upstream:remoteref) refs/heads/main refs/remotes/main [2ms]
2023-01-10 15:54:28.638 [info] > git for-each-ref --sort -committerdate --format %(refname) %(objectname) %(*objectname) [7ms]
2023-01-10 15:54:28.692 [info] > git status -z -uall [66ms]
2023-01-10 15:54:33.749 [info] > git config --get commit.template [6ms]
2023-01-10 15:54:33.751 [info] > git for-each-ref --format=%(refname)%00%(upstream:short)%00%(objectname)%00%(upstream:track)%00%(upstream:remotename)%00%(upstream:remoteref) refs/heads/main refs/remotes/main [3ms]
2023-01-10 15:54:33.768 [info] > git for-each-ref --sort -committerdate --format %(refname) %(objectname) %(*objectname) [8ms]
2023-01-10 15:54:33.783 [info] > git status -z -uall [28ms]
2023-01-10 15:54:38.832 [info] > git config --get commit.template [5ms]
2023-01-10 15:54:38.834 [info] > git for-each-ref --format=%(refname)%00%(upstream:short)%00%(objectname)%00%(upstream:track)%00%(upstream:remotename)%00%(upstream:remoteref) refs/heads/main refs/remotes/main [2ms]
2023-01-10 15:54:38.848 [info] > git for-each-ref --sort -committerdate --format %(refname) %(objectname) %(*objectname) [5ms]
2023-01-10 15:54:38.864 [info] > git status -z -uall [27ms]
2023-01-10 15:54:41.478 [info] > git ls-files --stage -- /home/ubuntu/playbook/common.yaml [6ms]
2023-01-10 15:54:41.484 [info] > git ls-files --stage -- /home/ubuntu/inventory/dev [6ms]
2023-01-10 15:54:41.489 [info] > git cat-file -s b01baed4b3a139535615f5d9247695eda157b48f [6ms]
2023-01-10 15:54:41.491 [info] > git cat-file -s 674550b09218564d9160b73769d351e530250053 [3ms]
2023-01-10 15:54:41.565 [info] > git show --textconv :playbook/common.yaml [7ms]
2023-01-10 15:54:41.568 [info] > git show --textconv :inventory/dev [4ms]
2023-01-10 15:54:43.908 [info] > git config --get commit.template [9ms]
2023-01-10 15:54:43.909 [info] > git for-each-ref --format=%(refname)%00%(upstream:short)%00%(objectname)%00%(upstream:track)%00%(upstream:remotename)%00%(upstream:remoteref) refs/heads/main refs/remotes/main [2ms]
2023-01-10 15:54:43.925 [info] > git for-each-ref --sort -committerdate --format %(refname) %(objectname) %(*objectname) [6ms]
2023-01-10 15:54:43.976 [info] > git status -z -uall [63ms]
2023-01-10 15:54:49.036 [info] > git config --get commit.template [5ms]
2023-01-10 15:54:49.037 [info] > git for-each-ref --format=%(refname)%00%(upstream:short)%00%(objectname)%00%(upstream:track)%00%(upstream:remotename)%00%(upstream:remoteref) refs/heads/main refs/remotes/main [2ms]
2023-01-10 15:54:49.051 [info] > git for-each-ref --sort -committerdate --format %(refname) %(objectname) %(*objectname) [7ms]
2023-01-10 15:54:49.066 [info] > git status -z -uall [26ms]
2023-01-10 15:54:52.585 [info] > git fetch [1162ms]
2023-01-10 15:54:52.585 [info] From https://github.com/ade4tope/ansible-roles-demo
 * [new branch]      feature1   -> origin/feature1
 * [new branch]      main       -> origin/main
2023-01-10 15:54:52.596 [info] > git config --get commit.template [5ms]
2023-01-10 15:54:52.598 [info] > git for-each-ref --format=%(refname)%00%(upstream:short)%00%(objectname)%00%(upstream:track)%00%(upstream:remotename)%00%(upstream:remoteref) refs/heads/main refs/remotes/main [2ms]
2023-01-10 15:54:52.615 [info] > git for-each-ref --sort -committerdate --format %(refname) %(objectname) %(*objectname) [7ms]
2023-01-10 15:54:52.668 [info] > git status -z -uall [65ms]
2023-01-10 15:54:53.051 [info] > git ls-files --stage -- /home/ubuntu/inventory/dev [251ms]
2023-01-10 15:54:53.057 [info] > git ls-files --stage -- /home/ubuntu/playbook/common.yaml [264ms]
2023-01-10 15:54:53.089 [info] > git cat-file -s 674550b09218564d9160b73769d351e530250053 [32ms]
2023-01-10 15:54:53.101 [info] > git cat-file -s b01baed4b3a139535615f5d9247695eda157b48f [38ms]
2023-01-10 15:54:53.378 [info] > git show --textconv :inventory/dev [6ms]
2023-01-10 15:54:53.382 [info] > git show --textconv :playbook/common.yaml [3ms]
2023-01-10 15:54:53.920 [info] > git ls-files --stage -- /home/ubuntu/playbook/common.yaml [6ms]
2023-01-10 15:54:53.925 [info] > git ls-files --stage -- /home/ubuntu/inventory/dev [6ms]
2023-01-10 15:54:53.931 [info] > git cat-file -s b01baed4b3a139535615f5d9247695eda157b48f [6ms]
2023-01-10 15:54:53.933 [info] > git cat-file -s 674550b09218564d9160b73769d351e530250053 [3ms]
2023-01-10 15:54:54.007 [info] > git show --textconv :playbook/common.yaml [8ms]
2023-01-10 15:54:54.011 [info] > git show --textconv :inventory/dev [4ms]
2023-01-10 15:54:54.107 [info] > git config --get commit.template [5ms]
2023-01-10 15:54:54.108 [info] > git for-each-ref --format=%(refname)%00%(upstream:short)%00%(objectname)%00%(upstream:track)%00%(upstream:remotename)%00%(upstream:remoteref) refs/heads/main refs/remotes/main [2ms]
2023-01-10 15:54:54.122 [info] > git for-each-ref --sort -committerdate --format %(refname) %(objectname) %(*objectname) [7ms]
2023-01-10 15:54:54.138 [info] > git status -z -uall [27ms]
2023-01-10 15:54:56.143 [info] > git ls-files --stage -- /home/ubuntu/playbook/common.yaml [5ms]
2023-01-10 15:54:56.148 [info] > git ls-files --stage -- /home/ubuntu/inventory/dev [5ms]
2023-01-10 15:54:56.153 [info] > git cat-file -s b01baed4b3a139535615f5d9247695eda157b48f [5ms]
2023-01-10 15:54:56.155 [info] > git cat-file -s 674550b09218564d9160b73769d351e530250053 [3ms]
2023-01-10 15:54:56.227 [info] > git show --textconv :playbook/common.yaml [7ms]
2023-01-10 15:54:56.230 [info] > git show --textconv :inventory/dev [4ms]
2023-01-10 15:54:59.184 [info] > git config --get commit.template [5ms]
2023-01-10 15:54:59.185 [info] > git for-each-ref --format=%(refname)%00%(upstream:short)%00%(objectname)%00%(upstream:track)%00%(upstream:remotename)%00%(upstream:remoteref) refs/heads/main refs/remotes/main [2ms]
2023-01-10 15:54:59.205 [info] > git for-each-ref --sort -committerdate --format %(refname) %(objectname) %(*objectname) [8ms]
2023-01-10 15:54:59.213 [info] > git status -z -uall [24ms]
2023-01-10 15:55:04.253 [info] > git config --get commit.template [6ms]
2023-01-10 15:55:04.255 [info] > git for-each-ref --format=%(refname)%00%(upstream:short)%00%(objectname)%00%(upstream:track)%00%(upstream:remotename)%00%(upstream:remoteref) refs/heads/main refs/remotes/main [3ms]
2023-01-10 15:55:04.276 [info] > git for-each-ref --sort -committerdate --format %(refname) %(objectname) %(*objectname) [4ms]
2023-01-10 15:55:04.291 [info] > git status -z -uall [32ms]
2023-01-10 15:55:05.168 [info] > git ls-files --stage -- /home/ubuntu/playbook/common.yaml [7ms]
2023-01-10 15:55:05.174 [info] > git ls-files --stage -- /home/ubuntu/inventory/dev [7ms]
2023-01-10 15:55:05.179 [info] > git cat-file -s b01baed4b3a139535615f5d9247695eda157b48f [6ms]
2023-01-10 15:55:05.182 [info] > git cat-file -s 674550b09218564d9160b73769d351e530250053 [3ms]
2023-01-10 15:55:05.265 [info] > git show --textconv :playbook/common.yaml [7ms]
2023-01-10 15:55:05.269 [info] > git show --textconv :inventory/dev [4ms]
2023-01-10 15:55:09.356 [info] > git config --get commit.template [6ms]
2023-01-10 15:55:09.357 [info] > git for-each-ref --format=%(refname)%00%(upstream:short)%00%(objectname)%00%(upstream:track)%00%(upstream:remotename)%00%(upstream:remoteref) refs/heads/main refs/remotes/main [2ms]
2023-01-10 15:55:09.377 [info] > git for-each-ref --sort -committerdate --format %(refname) %(objectname) %(*objectname) [3ms]
2023-01-10 15:55:09.453 [info] > git status -z -uall [91ms]
2023-01-10 15:55:14.494 [info] > git config --get commit.template [5ms]
2023-01-10 15:55:14.495 [info] > git for-each-ref --format=%(refname)%00%(upstream:short)%00%(objectname)%00%(upstream:track)%00%(upstream:remotename)%00%(upstream:remoteref) refs/heads/main refs/remotes/main [2ms]
2023-01-10 15:55:14.510 [info] > git for-each-ref --sort -committerdate --format %(refname) %(objectname) %(*objectname) [7ms]
2023-01-10 15:55:14.525 [info] > git status -z -uall [27ms]
2023-01-10 15:55:19.348 [info] > git ls-files --stage -- /home/ubuntu/playbook/common.yaml [6ms]
2023-01-10 15:55:19.353 [info] > git ls-files --stage -- /home/ubuntu/inventory/dev [6ms]
2023-01-10 15:55:19.358 [info] > git cat-file -s b01baed4b3a139535615f5d9247695eda157b48f [5ms]
2023-01-10 15:55:19.360 [info] > git cat-file -s 674550b09218564d9160b73769d351e530250053 [3ms]
2023-01-10 15:55:19.426 [info] > git show --textconv :playbook/common.yaml [7ms]
2023-01-10 15:55:19.429 [info] > git show --textconv :inventory/dev [4ms]
2023-01-10 15:55:19.573 [info] > git config --get commit.template [5ms]
2023-01-10 15:55:19.575 [info] > git for-each-ref --format=%(refname)%00%(upstream:short)%00%(objectname)%00%(upstream:track)%00%(upstream:remotename)%00%(upstream:remoteref) refs/heads/main refs/remotes/main [2ms]
2023-01-10 15:55:19.592 [info] > git for-each-ref --sort -committerdate --format %(refname) %(objectname) %(*objectname) [8ms]
2023-01-10 15:55:19.643 [info] > git status -z -uall [64ms]
2023-01-10 15:55:24.697 [info] > git config --get commit.template [5ms]
2023-01-10 15:55:24.699 [info] > git for-each-ref --format=%(refname)%00%(upstream:short)%00%(objectname)%00%(upstream:track)%00%(upstream:remotename)%00%(upstream:remoteref) refs/heads/main refs/remotes/main [2ms]
2023-01-10 15:55:24.714 [info] > git for-each-ref --sort -committerdate --format %(refname) %(objectname) %(*objectname) [7ms]
2023-01-10 15:55:24.730 [info] > git status -z -uall [28ms]
2023-01-10 15:55:29.770 [info] > git config --get commit.template [5ms]
2023-01-10 15:55:29.771 [info] > git for-each-ref --format=%(refname)%00%(upstream:short)%00%(objectname)%00%(upstream:track)%00%(upstream:remotename)%00%(upstream:remoteref) refs/heads/main refs/remotes/main [2ms]
2023-01-10 15:55:29.786 [info] > git for-each-ref --sort -committerdate --format %(refname) %(objectname) %(*objectname) [7ms]
2023-01-10 15:55:29.839 [info] > git status -z -uall [63ms]
2023-01-10 15:55:34.891 [info] > git config --get commit.template [5ms]
2023-01-10 15:55:34.893 [info] > git for-each-ref --format=%(refname)%00%(upstream:short)%00%(objectname)%00%(upstream:track)%00%(upstream:remotename)%00%(upstream:remoteref) refs/heads/main refs/remotes/main [2ms]
2023-01-10 15:55:34.909 [info] > git for-each-ref --sort -committerdate --format %(refname) %(objectname) %(*objectname) [4ms]
2023-01-10 15:55:34.927 [info] > git status -z -uall [31ms]
2023-01-10 15:55:38.643 [info] > git ls-files --stage -- /home/ubuntu/playbook/common.yaml [8ms]
2023-01-10 15:55:38.648 [info] > git ls-files --stage -- /home/ubuntu/inventory/dev [8ms]
2023-01-10 15:55:38.654 [info] > git cat-file -s b01baed4b3a139535615f5d9247695eda157b48f [5ms]
2023-01-10 15:55:38.657 [info] > git cat-file -s 674550b09218564d9160b73769d351e530250053 [4ms]
2023-01-10 15:55:38.756 [info] > git show --textconv :playbook/common.yaml [28ms]
2023-01-10 15:55:38.815 [info] > git show --textconv :inventory/dev [25ms]
2023-01-10 15:55:39.968 [info] > git config --get commit.template [5ms]
2023-01-10 15:55:39.969 [info] > git for-each-ref --format=%(refname)%00%(upstream:short)%00%(objectname)%00%(upstream:track)%00%(upstream:remotename)%00%(upstream:remoteref) refs/heads/main refs/remotes/main [2ms]
2023-01-10 15:55:39.985 [info] > git for-each-ref --sort -committerdate --format %(refname) %(objectname) %(*objectname) [7ms]
2023-01-10 15:55:40.047 [info] > git status -z -uall [73ms]
2023-01-10 15:55:45.080 [info] > git config --get commit.template [6ms]
2023-01-10 15:55:45.082 [info] > git for-each-ref --format=%(refname)%00%(upstream:short)%00%(objectname)%00%(upstream:track)%00%(upstream:remotename)%00%(upstream:remoteref) refs/heads/main refs/remotes/main [3ms]
2023-01-10 15:55:45.102 [info] > git for-each-ref --sort -committerdate --format %(refname) %(objectname) %(*objectname) [10ms]
2023-01-10 15:55:45.115 [info] > git status -z -uall [29ms]
2023-01-10 15:55:50.129 [info] > git config --get commit.template [8ms]
2023-01-10 15:55:50.131 [info] > git for-each-ref --format=%(refname)%00%(upstream:short)%00%(objectname)%00%(upstream:track)%00%(upstream:remotename)%00%(upstream:remoteref) refs/heads/main refs/remotes/main [4ms]
2023-01-10 15:55:50.145 [info] > git for-each-ref --sort -committerdate --format %(refname) %(objectname) %(*objectname) [6ms]
2023-01-10 15:55:50.158 [info] > git status -z -uall [24ms]
2023-01-10 15:55:53.240 [info] > git fetch [310ms]
2023-01-10 15:55:53.249 [info] > git config --get commit.template [5ms]
2023-01-10 15:55:53.250 [info] > git for-each-ref --format=%(refname)%00%(upstream:short)%00%(objectname)%00%(upstream:track)%00%(upstream:remotename)%00%(upstream:remoteref) refs/heads/main refs/remotes/main [2ms]
2023-01-10 15:55:53.258 [info] > git status -z -uall [5ms]
2023-01-10 15:55:53.260 [info] > git for-each-ref --sort -committerdate --format %(refname) %(objectname) %(*objectname) [3ms]
2023-01-10 15:55:54.390 [info] > git config --get commit.template [7ms]
2023-01-10 15:55:54.392 [info] > git for-each-ref --format=%(refname)%00%(upstream:short)%00%(objectname)%00%(upstream:track)%00%(upstream:remotename)%00%(upstream:remoteref) refs/heads/main refs/remotes/main [3ms]
2023-01-10 15:55:54.400 [info] > git status -z -uall [5ms]
2023-01-10 15:55:54.403 [info] > git for-each-ref --sort -committerdate --format %(refname) %(objectname) %(*objectname) [3ms]
2023-01-10 15:55:55.170 [info] > git config --get commit.template [5ms]
2023-01-10 15:55:55.172 [info] > git for-each-ref --format=%(refname)%00%(upstream:short)%00%(objectname)%00%(upstream:track)%00%(upstream:remotename)%00%(upstream:remoteref) refs/heads/main refs/remotes/main [3ms]
2023-01-10 15:55:55.188 [info] > git for-each-ref --sort -committerdate --format %(refname) %(objectname) %(*objectname) [9ms]
2023-01-10 15:55:55.200 [info] > git status -z -uall [25ms]
2023-01-10 15:55:59.445 [info] > git ls-files --stage -- /home/ubuntu/playbook/common.yaml [6ms]
2023-01-10 15:55:59.450 [info] > git ls-files --stage -- /home/ubuntu/inventory/dev [5ms]
2023-01-10 15:55:59.454 [info] > git cat-file -s b01baed4b3a139535615f5d9247695eda157b48f [5ms]
2023-01-10 15:55:59.456 [info] > git cat-file -s 674550b09218564d9160b73769d351e530250053 [3ms]
2023-01-10 15:55:59.527 [info] > git show --textconv :playbook/common.yaml [6ms]
2023-01-10 15:55:59.530 [info] > git show --textconv :inventory/dev [5ms]
2023-01-10 15:56:00.221 [info] > git config --get commit.template [7ms]
2023-01-10 15:56:00.237 [info] > git for-each-ref --format=%(refname)%00%(upstream:short)%00%(objectname)%00%(upstream:track)%00%(upstream:remotename)%00%(upstream:remoteref) refs/heads/main refs/remotes/main [3ms]
2023-01-10 15:56:00.265 [info] > git for-each-ref --sort -committerdate --format %(refname) %(objectname) %(*objectname) [8ms]
2023-01-10 15:56:00.277 [info] > git status -z -uall [32ms]
2023-01-10 15:56:05.289 [info] > git config --get commit.template [5ms]
2023-01-10 15:56:05.291 [info] > git for-each-ref --format=%(refname)%00%(upstream:short)%00%(objectname)%00%(upstream:track)%00%(upstream:remotename)%00%(upstream:remoteref) refs/heads/main refs/remotes/main [2ms]
2023-01-10 15:56:05.309 [info] > git for-each-ref --sort -committerdate --format %(refname) %(objectname) %(*objectname) [7ms]
2023-01-10 15:56:05.323 [info] > git status -z -uall [26ms]
2023-01-10 15:56:10.339 [info] > git config --get commit.template [6ms]
2023-01-10 15:56:10.341 [info] > git for-each-ref --format=%(refname)%00%(upstream:short)%00%(objectname)%00%(upstream:track)%00%(upstream:remotename)%00%(upstream:remoteref) refs/heads/main refs/remotes/main [4ms]
2023-01-10 15:56:10.357 [info] > git for-each-ref --sort -committerdate --format %(refname) %(objectname) %(*objectname) [7ms]
2023-01-10 15:56:10.369 [info] > git status -z -uall [25ms]
2023-01-10 15:56:15.379 [info] > git config --get commit.template [5ms]
2023-01-10 15:56:15.381 [info] > git for-each-ref --format=%(refname)%00%(upstream:short)%00%(objectname)%00%(upstream:track)%00%(upstream:remotename)%00%(upstream:remoteref) refs/heads/main refs/remotes/main [3ms]
2023-01-10 15:56:15.396 [info] > git for-each-ref --sort -committerdate --format %(refname) %(objectname) %(*objectname) [8ms]
2023-01-10 15:56:15.408 [info] > git status -z -uall [24ms]
2023-01-10 15:56:20.419 [info] > git config --get commit.template [5ms]
2023-01-10 15:56:20.420 [info] > git for-each-ref --format=%(refname)%00%(upstream:short)%00%(objectname)%00%(upstream:track)%00%(upstream:remotename)%00%(upstream:remoteref) refs/heads/main refs/remotes/main [2ms]
2023-01-10 15:56:20.433 [info] > git for-each-ref --sort -committerdate --format %(refname) %(objectname) %(*objectname) [6ms]
2023-01-10 15:56:20.447 [info] > git status -z -uall [24ms]
2023-01-10 15:56:25.464 [info] > git config --get commit.template [7ms]
2023-01-10 15:56:25.469 [info] > git for-each-ref --format=%(refname)%00%(upstream:short)%00%(objectname)%00%(upstream:track)%00%(upstream:remotename)%00%(upstream:remoteref) refs/heads/main refs/remotes/main [6ms]
2023-01-10 15:56:25.497 [info] > git for-each-ref --sort -committerdate --format %(refname) %(objectname) %(*objectname) [15ms]
2023-01-10 15:56:25.519 [info] > git status -z -uall [41ms]
2023-01-10 15:56:30.562 [info] > git config --get commit.template [29ms]
2023-01-10 15:56:30.569 [info] > git for-each-ref --format=%(refname)%00%(upstream:short)%00%(objectname)%00%(upstream:track)%00%(upstream:remotename)%00%(upstream:remoteref) refs/heads/main refs/remotes/main [27ms]
2023-01-10 15:56:30.596 [info] > git for-each-ref --sort -committerdate --format %(refname) %(objectname) %(*objectname) [15ms]
2023-01-10 15:56:30.834 [info] > git status -z -uall [257ms]
2023-01-10 15:56:35.904 [info] > git config --get commit.template [33ms]
2023-01-10 15:56:35.909 [info] > git for-each-ref --format=%(refname)%00%(upstream:short)%00%(objectname)%00%(upstream:track)%00%(upstream:remotename)%00%(upstream:remoteref) refs/heads/main refs/remotes/main [34ms]
2023-01-10 15:56:35.945 [info] > git for-each-ref --sort -committerdate --format %(refname) %(objectname) %(*objectname) [17ms]
2023-01-10 15:56:36.102 [info] > git status -z -uall [182ms]
2023-01-10 15:56:41.114 [info] > git config --get commit.template [5ms]
2023-01-10 15:56:41.115 [info] > git for-each-ref --format=%(refname)%00%(upstream:short)%00%(objectname)%00%(upstream:track)%00%(upstream:remotename)%00%(upstream:remoteref) refs/heads/main refs/remotes/main [2ms]
2023-01-10 15:56:41.132 [info] > git for-each-ref --sort -committerdate --format %(refname) %(objectname) %(*objectname) [8ms]
2023-01-10 15:56:41.144 [info] > git status -z -uall [26ms]
2023-01-10 15:57:16.174 [info] > git config --get commit.template [31ms]
2023-01-10 15:57:16.183 [info] > git for-each-ref --format=%(refname)%00%(upstream:short)%00%(objectname)%00%(upstream:track)%00%(upstream:remotename)%00%(upstream:remoteref) refs/heads/main refs/remotes/main [34ms]
2023-01-10 15:57:16.204 [info] > git for-each-ref --sort -committerdate --format %(refname) %(objectname) %(*objectname) [11ms]
2023-01-10 15:57:16.428 [info] > git status -z -uall [240ms]
2023-01-10 15:57:21.439 [info] > git config --get commit.template [5ms]
2023-01-10 15:57:21.441 [info] > git for-each-ref --format=%(refname)%00%(upstream:short)%00%(objectname)%00%(upstream:track)%00%(upstream:remotename)%00%(upstream:remoteref) refs/heads/main refs/remotes/main [2ms]
2023-01-10 15:57:21.457 [info] > git for-each-ref --sort -committerdate --format %(refname) %(objectname) %(*objectname) [9ms]
2023-01-10 15:57:21.470 [info] > git status -z -uall [25ms]
2023-01-10 15:57:26.481 [info] > git config --get commit.template [5ms]
2023-01-10 15:57:26.483 [info] > git for-each-ref --format=%(refname)%00%(upstream:short)%00%(objectname)%00%(upstream:track)%00%(upstream:remotename)%00%(upstream:remoteref) refs/heads/main refs/remotes/main [3ms]
2023-01-10 15:57:26.497 [info] > git for-each-ref --sort -committerdate --format %(refname) %(objectname) %(*objectname) [8ms]
2023-01-10 15:57:26.508 [info] > git status -z -uall [23ms]
2023-01-10 15:57:31.519 [info] > git config --get commit.template [5ms]
2023-01-10 15:57:31.521 [info] > git for-each-ref --format=%(refname)%00%(upstream:short)%00%(objectname)%00%(upstream:track)%00%(upstream:remotename)%00%(upstream:remoteref) refs/heads/main refs/remotes/main [2ms]
2023-01-10 15:57:31.542 [info] > git for-each-ref --sort -committerdate --format %(refname) %(objectname) %(*objectname) [10ms]
2023-01-10 15:57:31.553 [info] > git status -z -uall [29ms]
2023-01-10 15:57:36.570 [info] > git config --get commit.template [5ms]
2023-01-10 15:57:36.571 [info] > git for-each-ref --format=%(refname)%00%(upstream:short)%00%(objectname)%00%(upstream:track)%00%(upstream:remotename)%00%(upstream:remoteref) refs/heads/main refs/remotes/main [2ms]
2023-01-10 15:57:36.587 [info] > git for-each-ref --sort -committerdate --format %(refname) %(objectname) %(*objectname) [8ms]
2023-01-10 15:57:36.600 [info] > git status -z -uall [25ms]
2023-01-10 15:57:41.611 [info] > git config --get commit.template [4ms]
2023-01-10 15:57:41.612 [info] > git for-each-ref --format=%(refname)%00%(upstream:short)%00%(objectname)%00%(upstream:track)%00%(upstream:remotename)%00%(upstream:remoteref) refs/heads/main refs/remotes/main [2ms]
2023-01-10 15:57:41.625 [info] > git for-each-ref --sort -committerdate --format %(refname) %(objectname) %(*objectname) [6ms]
2023-01-10 15:57:41.639 [info] > git status -z -uall [24ms]
2023-01-10 15:57:46.650 [info] > git config --get commit.template [5ms]
2023-01-10 15:57:46.652 [info] > git for-each-ref --format=%(refname)%00%(upstream:short)%00%(objectname)%00%(upstream:track)%00%(upstream:remotename)%00%(upstream:remoteref) refs/heads/main refs/remotes/main [3ms]
2023-01-10 15:57:46.665 [info] > git for-each-ref --sort -committerdate --format %(refname) %(objectname) %(*objectname) [7ms]
2023-01-10 15:57:46.678 [info] > git status -z -uall [24ms]
2023-01-10 15:57:51.797 [info] > git config --get commit.template [51ms]
2023-01-10 15:57:51.798 [info] > git for-each-ref --format=%(refname)%00%(upstream:short)%00%(objectname)%00%(upstream:track)%00%(upstream:remotename)%00%(upstream:remoteref) refs/heads/main refs/remotes/main [69ms]
2023-01-10 15:57:51.817 [info] > git for-each-ref --sort -committerdate --format %(refname) %(objectname) %(*objectname) [12ms]
2023-01-10 15:57:53.304 [info] > git status -z -uall [1503ms]
2023-01-10 15:57:53.986 [info] > git fetch [676ms]
2023-01-10 15:57:53.994 [info] > git config --get commit.template [5ms]
2023-01-10 15:57:53.995 [info] > git for-each-ref --format=%(refname)%00%(upstream:short)%00%(objectname)%00%(upstream:track)%00%(upstream:remotename)%00%(upstream:remoteref) refs/heads/main refs/remotes/main [2ms]
2023-01-10 15:57:54.011 [info] > git for-each-ref --sort -committerdate --format %(refname) %(objectname) %(*objectname) [8ms]
2023-01-10 15:57:54.023 [info] > git status -z -uall [25ms]
2023-01-10 15:57:55.315 [info] > git ls-files --stage -- /home/ubuntu/playbook/common.yaml [5ms]
2023-01-10 15:57:55.320 [info] > git ls-files --stage -- /home/ubuntu/inventory/dev [7ms]
2023-01-10 15:57:55.324 [info] > git cat-file -s b01baed4b3a139535615f5d9247695eda157b48f [5ms]
2023-01-10 15:57:55.329 [info] > git cat-file -s 674550b09218564d9160b73769d351e530250053 [5ms]
2023-01-10 15:57:55.399 [info] > git show --textconv :playbook/common.yaml [6ms]
2023-01-10 15:57:55.403 [info] > git show --textconv :inventory/dev [4ms]
2023-01-10 15:57:58.321 [info] > git config --get commit.template [6ms]
2023-01-10 15:57:58.323 [info] > git for-each-ref --format=%(refname)%00%(upstream:short)%00%(objectname)%00%(upstream:track)%00%(upstream:remotename)%00%(upstream:remoteref) refs/heads/main refs/remotes/main [4ms]
2023-01-10 15:57:58.339 [info] > git for-each-ref --sort -committerdate --format %(refname) %(objectname) %(*objectname) [8ms]
2023-01-10 15:57:58.351 [info] > git status -z -uall [24ms]
2023-01-10 15:58:03.364 [info] > git config --get commit.template [6ms]
2023-01-10 15:58:03.367 [info] > git for-each-ref --format=%(refname)%00%(upstream:short)%00%(objectname)%00%(upstream:track)%00%(upstream:remotename)%00%(upstream:remoteref) refs/heads/main refs/remotes/main [3ms]
2023-01-10 15:58:03.384 [info] > git for-each-ref --sort -committerdate --format %(refname) %(objectname) %(*objectname) [7ms]
2023-01-10 15:58:03.396 [info] > git status -z -uall [25ms]
2023-01-10 15:58:08.408 [info] > git config --get commit.template [4ms]
2023-01-10 15:58:08.410 [info] > git for-each-ref --format=%(refname)%00%(upstream:short)%00%(objectname)%00%(upstream:track)%00%(upstream:remotename)%00%(upstream:remoteref) refs/heads/main refs/remotes/main [2ms]
2023-01-10 15:58:08.425 [info] > git for-each-ref --sort -committerdate --format %(refname) %(objectname) %(*objectname) [6ms]
2023-01-10 15:58:08.437 [info] > git status -z -uall [23ms]
2023-01-10 15:58:13.448 [info] > git config --get commit.template [4ms]
2023-01-10 15:58:13.450 [info] > git for-each-ref --format=%(refname)%00%(upstream:short)%00%(objectname)%00%(upstream:track)%00%(upstream:remotename)%00%(upstream:remoteref) refs/heads/main refs/remotes/main [2ms]
2023-01-10 15:58:13.465 [info] > git for-each-ref --sort -committerdate --format %(refname) %(objectname) %(*objectname) [7ms]
2023-01-10 15:58:13.483 [info] > git status -z -uall [29ms]
2023-01-10 15:58:18.495 [info] > git config --get commit.template [6ms]
2023-01-10 15:58:18.497 [info] > git for-each-ref --format=%(refname)%00%(upstream:short)%00%(objectname)%00%(upstream:track)%00%(upstream:remotename)%00%(upstream:remoteref) refs/heads/main refs/remotes/main [3ms]
2023-01-10 15:58:18.509 [info] > git for-each-ref --sort -committerdate --format %(refname) %(objectname) %(*objectname) [6ms]
2023-01-10 15:58:18.523 [info] > git status -z -uall [24ms]
2023-01-10 15:58:23.536 [info] > git config --get commit.template [6ms]
2023-01-10 15:58:23.539 [info] > git for-each-ref --format=%(refname)%00%(upstream:short)%00%(objectname)%00%(upstream:track)%00%(upstream:remotename)%00%(upstream:remoteref) refs/heads/main refs/remotes/main [4ms]
2023-01-10 15:58:23.553 [info] > git for-each-ref --sort -committerdate --format %(refname) %(objectname) %(*objectname) [8ms]
2023-01-10 15:58:23.565 [info] > git status -z -uall [24ms]
2023-01-10 15:58:28.577 [info] > git config --get commit.template [5ms]
2023-01-10 15:58:28.579 [info] > git for-each-ref --format=%(refname)%00%(upstream:short)%00%(objectname)%00%(upstream:track)%00%(upstream:remotename)%00%(upstream:remoteref) refs/heads/main refs/remotes/main [2ms]
2023-01-10 15:58:28.593 [info] > git for-each-ref --sort -committerdate --format %(refname) %(objectname) %(*objectname) [8ms]
2023-01-10 15:58:28.604 [info] > git status -z -uall [23ms]
2023-01-10 15:58:33.616 [info] > git config --get commit.template [5ms]
2023-01-10 15:58:33.618 [info] > git for-each-ref --format=%(refname)%00%(upstream:short)%00%(objectname)%00%(upstream:track)%00%(upstream:remotename)%00%(upstream:remoteref) refs/heads/main refs/remotes/main [2ms]
2023-01-10 15:58:33.640 [info] > git for-each-ref --sort -committerdate --format %(refname) %(objectname) %(*objectname) [14ms]
2023-01-10 15:58:33.651 [info] > git status -z -uall [31ms]
2023-01-10 15:58:38.663 [info] > git config --get commit.template [4ms]
2023-01-10 15:58:38.664 [info] > git for-each-ref --format=%(refname)%00%(upstream:short)%00%(objectname)%00%(upstream:track)%00%(upstream:remotename)%00%(upstream:remoteref) refs/heads/main refs/remotes/main [2ms]
2023-01-10 15:58:38.679 [info] > git for-each-ref --sort -committerdate --format %(refname) %(objectname) %(*objectname) [8ms]
2023-01-10 15:58:38.691 [info] > git status -z -uall [24ms]
2023-01-10 15:58:43.702 [info] > git config --get commit.template [4ms]
2023-01-10 15:58:43.704 [info] > git for-each-ref --format=%(refname)%00%(upstream:short)%00%(objectname)%00%(upstream:track)%00%(upstream:remotename)%00%(upstream:remoteref) refs/heads/main refs/remotes/main [2ms]
2023-01-10 15:58:43.717 [info] > git for-each-ref --sort -committerdate --format %(refname) %(objectname) %(*objectname) [7ms]
2023-01-10 15:58:43.730 [info] > git status -z -uall [23ms]
2023-01-10 15:58:48.740 [info] > git config --get commit.template [4ms]
2023-01-10 15:58:48.742 [info] > git for-each-ref --format=%(refname)%00%(upstream:short)%00%(objectname)%00%(upstream:track)%00%(upstream:remotename)%00%(upstream:remoteref) refs/heads/main refs/remotes/main [2ms]
2023-01-10 15:58:48.756 [info] > git for-each-ref --sort -committerdate --format %(refname) %(objectname) %(*objectname) [7ms]
2023-01-10 15:58:48.768 [info] > git status -z -uall [23ms]
2023-01-10 15:58:53.788 [info] > git config --get commit.template [9ms]
2023-01-10 15:58:53.793 [info] > git for-each-ref --format=%(refname)%00%(upstream:short)%00%(objectname)%00%(upstream:track)%00%(upstream:remotename)%00%(upstream:remoteref) refs/heads/main refs/remotes/main [6ms]
2023-01-10 15:58:53.817 [info] > git for-each-ref --sort -committerdate --format %(refname) %(objectname) %(*objectname) [11ms]
2023-01-10 15:58:53.843 [info] > git status -z -uall [44ms]
2023-01-10 15:58:57.667 [info] > git fetch [4401ms]
2023-01-10 15:58:57.667 [info] From https://github.com/ade4tope/ansible-roles-demo
 + c1ce4f4...81c90e5 main       -> origin/main  (forced update)
2023-01-10 15:58:57.690 [info] > git config --get commit.template [6ms]
2023-01-10 15:58:57.691 [info] > git for-each-ref --format=%(refname)%00%(upstream:short)%00%(objectname)%00%(upstream:track)%00%(upstream:remotename)%00%(upstream:remoteref) refs/heads/main refs/remotes/main [5ms]
2023-01-10 15:58:57.700 [info] > git for-each-ref --sort -committerdate --format %(refname) %(objectname) %(*objectname) [3ms]
2023-01-10 15:58:57.714 [info] > git status -z -uall [20ms]
2023-01-10 15:58:58.842 [info] > git config --get commit.template [4ms]
2023-01-10 15:58:58.843 [info] > git for-each-ref --format=%(refname)%00%(upstream:short)%00%(objectname)%00%(upstream:track)%00%(upstream:remotename)%00%(upstream:remoteref) refs/heads/main refs/remotes/main [2ms]
2023-01-10 15:58:58.852 [info] > git status -z -uall [6ms]
2023-01-10 15:58:58.857 [info] > git for-each-ref --sort -committerdate --format %(refname) %(objectname) %(*objectname) [6ms]
2023-01-10 15:58:58.864 [info] > git config --get commit.template [7ms]
2023-01-10 15:58:58.871 [info] > git for-each-ref --format=%(refname)%00%(upstream:short)%00%(objectname)%00%(upstream:track)%00%(upstream:remotename)%00%(upstream:remoteref) refs/heads/main refs/remotes/main [8ms]
2023-01-10 15:58:58.889 [info] > git for-each-ref --sort -committerdate --format %(refname) %(objectname) %(*objectname) [11ms]
2023-01-10 15:58:59.061 [info] > git status -z -uall [186ms]
2023-01-10 15:59:04.074 [info] > git config --get commit.template [6ms]
2023-01-10 15:59:04.076 [info] > git for-each-ref --format=%(refname)%00%(upstream:short)%00%(objectname)%00%(upstream:track)%00%(upstream:remotename)%00%(upstream:remoteref) refs/heads/main refs/remotes/main [4ms]
2023-01-10 15:59:04.092 [info] > git for-each-ref --sort -committerdate --format %(refname) %(objectname) %(*objectname) [8ms]
2023-01-10 15:59:04.104 [info] > git status -z -uall [25ms]
2023-01-10 15:59:09.116 [info] > git config --get commit.template [6ms]
2023-01-10 15:59:09.118 [info] > git for-each-ref --format=%(refname)%00%(upstream:short)%00%(objectname)%00%(upstream:track)%00%(upstream:remotename)%00%(upstream:remoteref) refs/heads/main refs/remotes/main [2ms]
2023-01-10 15:59:09.131 [info] > git for-each-ref --sort -committerdate --format %(refname) %(objectname) %(*objectname) [5ms]
2023-01-10 15:59:09.144 [info] > git status -z -uall [23ms]
2023-01-10 15:59:14.156 [info] > git config --get commit.template [6ms]
2023-01-10 15:59:14.158 [info] > git for-each-ref --format=%(refname)%00%(upstream:short)%00%(objectname)%00%(upstream:track)%00%(upstream:remotename)%00%(upstream:remoteref) refs/heads/main refs/remotes/main [2ms]
2023-01-10 15:59:14.172 [info] > git for-each-ref --sort -committerdate --format %(refname) %(objectname) %(*objectname) [7ms]
2023-01-10 15:59:14.184 [info] > git status -z -uall [24ms]
2023-01-10 15:59:19.196 [info] > git config --get commit.template [6ms]
2023-01-10 15:59:19.198 [info] > git for-each-ref --format=%(refname)%00%(upstream:short)%00%(objectname)%00%(upstream:track)%00%(upstream:remotename)%00%(upstream:remoteref) refs/heads/main refs/remotes/main [2ms]
2023-01-10 15:59:19.212 [info] > git for-each-ref --sort -committerdate --format %(refname) %(objectname) %(*objectname) [6ms]
2023-01-10 15:59:19.223 [info] > git status -z -uall [22ms]
2023-01-10 15:59:24.235 [info] > git config --get commit.template [5ms]
2023-01-10 15:59:24.237 [info] > git for-each-ref --format=%(refname)%00%(upstream:short)%00%(objectname)%00%(upstream:track)%00%(upstream:remotename)%00%(upstream:remoteref) refs/heads/main refs/remotes/main [2ms]
2023-01-10 15:59:24.251 [info] > git for-each-ref --sort -committerdate --format %(refname) %(objectname) %(*objectname) [7ms]
2023-01-10 15:59:24.263 [info] > git status -z -uall [23ms]
2023-01-10 15:59:29.279 [info] > git config --get commit.template [9ms]
2023-01-10 15:59:29.284 [info] > git for-each-ref --format=%(refname)%00%(upstream:short)%00%(objectname)%00%(upstream:track)%00%(upstream:remotename)%00%(upstream:remoteref) refs/heads/main refs/remotes/main [2ms]
2023-01-10 15:59:29.297 [info] > git for-each-ref --sort -committerdate --format %(refname) %(objectname) %(*objectname) [7ms]
2023-01-10 15:59:29.310 [info] > git status -z -uall [23ms]
2023-01-10 15:59:34.322 [info] > git config --get commit.template [4ms]
2023-01-10 15:59:34.323 [info] > git for-each-ref --format=%(refname)%00%(upstream:short)%00%(objectname)%00%(upstream:track)%00%(upstream:remotename)%00%(upstream:remoteref) refs/heads/main refs/remotes/main [2ms]
2023-01-10 15:59:34.337 [info] > git for-each-ref --sort -committerdate --format %(refname) %(objectname) %(*objectname) [6ms]
2023-01-10 15:59:34.349 [info] > git status -z -uall [23ms]
2023-01-10 15:59:39.377 [info] > git config --get commit.template [7ms]
2023-01-10 15:59:39.379 [info] > git for-each-ref --format=%(refname)%00%(upstream:short)%00%(objectname)%00%(upstream:track)%00%(upstream:remotename)%00%(upstream:remoteref) refs/heads/main refs/remotes/main [2ms]
2023-01-10 15:59:39.393 [info] > git for-each-ref --sort -committerdate --format %(refname) %(objectname) %(*objectname) [7ms]
2023-01-10 15:59:39.407 [info] > git status -z -uall [25ms]
2023-01-10 15:59:44.424 [info] > git config --get commit.template [8ms]
2023-01-10 15:59:44.427 [info] > git for-each-ref --format=%(refname)%00%(upstream:short)%00%(objectname)%00%(upstream:track)%00%(upstream:remotename)%00%(upstream:remoteref) refs/heads/main refs/remotes/main [4ms]
2023-01-10 15:59:44.445 [info] > git for-each-ref --sort -committerdate --format %(refname) %(objectname) %(*objectname) [4ms]
2023-01-10 15:59:44.460 [info] > git status -z -uall [28ms]
2023-01-10 15:59:49.472 [info] > git config --get commit.template [5ms]
2023-01-10 15:59:49.474 [info] > git for-each-ref --format=%(refname)%00%(upstream:short)%00%(objectname)%00%(upstream:track)%00%(upstream:remotename)%00%(upstream:remoteref) refs/heads/main refs/remotes/main [2ms]
2023-01-10 15:59:49.489 [info] > git for-each-ref --sort -committerdate --format %(refname) %(objectname) %(*objectname) [6ms]
2023-01-10 15:59:49.500 [info] > git status -z -uall [23ms]
2023-01-10 15:59:54.513 [info] > git config --get commit.template [6ms]
2023-01-10 15:59:54.515 [info] > git for-each-ref --format=%(refname)%00%(upstream:short)%00%(objectname)%00%(upstream:track)%00%(upstream:remotename)%00%(upstream:remoteref) refs/heads/main refs/remotes/main [4ms]
2023-01-10 15:59:54.529 [info] > git for-each-ref --sort -committerdate --format %(refname) %(objectname) %(*objectname) [7ms]
2023-01-10 15:59:54.541 [info] > git status -z -uall [23ms]
2023-01-10 15:59:59.554 [info] > git config --get commit.template [6ms]
2023-01-10 15:59:59.556 [info] > git for-each-ref --format=%(refname)%00%(upstream:short)%00%(objectname)%00%(upstream:track)%00%(upstream:remotename)%00%(upstream:remoteref) refs/heads/main refs/remotes/main [2ms]
2023-01-10 15:59:59.576 [info] > git for-each-ref --sort -committerdate --format %(refname) %(objectname) %(*objectname) [8ms]
2023-01-10 15:59:59.588 [info] > git status -z -uall [28ms]
2023-01-10 16:00:04.614 [info] > git config --get commit.template [1ms]
2023-01-10 16:00:04.624 [info] > git for-each-ref --format=%(refname)%00%(upstream:short)%00%(objectname)%00%(upstream:track)%00%(upstream:remotename)%00%(upstream:remoteref) refs/heads/main refs/remotes/main [4ms]
2023-01-10 16:00:04.643 [info] > git for-each-ref --sort -committerdate --format %(refname) %(objectname) %(*objectname) [9ms]
2023-01-10 16:00:04.656 [info] > git status -z -uall [27ms]
2023-01-10 16:00:09.669 [info] > git config --get commit.template [5ms]
2023-01-10 16:00:09.671 [info] > git for-each-ref --format=%(refname)%00%(upstream:short)%00%(objectname)%00%(upstream:track)%00%(upstream:remotename)%00%(upstream:remoteref) refs/heads/main refs/remotes/main [3ms]
2023-01-10 16:00:09.685 [info] > git for-each-ref --sort -committerdate --format %(refname) %(objectname) %(*objectname) [6ms]
2023-01-10 16:00:09.698 [info] > git status -z -uall [24ms]
2023-01-10 16:00:14.716 [info] > git config --get commit.template [11ms]
2023-01-10 16:00:14.718 [info] > git for-each-ref --format=%(refname)%00%(upstream:short)%00%(objectname)%00%(upstream:track)%00%(upstream:remotename)%00%(upstream:remoteref) refs/heads/main refs/remotes/main [9ms]
2023-01-10 16:00:14.733 [info] > git for-each-ref --sort -committerdate --format %(refname) %(objectname) %(*objectname) [7ms]
2023-01-10 16:00:14.745 [info] > git status -z -uall [24ms]
2023-01-10 16:00:19.758 [info] > git config --get commit.template [6ms]
2023-01-10 16:00:19.759 [info] > git for-each-ref --format=%(refname)%00%(upstream:short)%00%(objectname)%00%(upstream:track)%00%(upstream:remotename)%00%(upstream:remoteref) refs/heads/main refs/remotes/main [2ms]
2023-01-10 16:00:19.773 [info] > git for-each-ref --sort -committerdate --format %(refname) %(objectname) %(*objectname) [7ms]
2023-01-10 16:00:19.786 [info] > git status -z -uall [24ms]
2023-01-10 16:00:24.799 [info] > git config --get commit.template [6ms]
2023-01-10 16:00:24.801 [info] > git for-each-ref --format=%(refname)%00%(upstream:short)%00%(objectname)%00%(upstream:track)%00%(upstream:remotename)%00%(upstream:remoteref) refs/heads/main refs/remotes/main [3ms]
2023-01-10 16:00:24.816 [info] > git for-each-ref --sort -committerdate --format %(refname) %(objectname) %(*objectname) [8ms]
2023-01-10 16:00:24.828 [info] > git status -z -uall [24ms]
2023-01-10 16:00:29.839 [info] > git config --get commit.template [5ms]
2023-01-10 16:00:29.841 [info] > git for-each-ref --format=%(refname)%00%(upstream:short)%00%(objectname)%00%(upstream:track)%00%(upstream:remotename)%00%(upstream:remoteref) refs/heads/main refs/remotes/main [3ms]
2023-01-10 16:00:29.853 [info] > git for-each-ref --sort -committerdate --format %(refname) %(objectname) %(*objectname) [6ms]
2023-01-10 16:00:29.866 [info] > git status -z -uall [23ms]
2023-01-10 16:00:34.878 [info] > git config --get commit.template [5ms]
2023-01-10 16:00:34.880 [info] > git for-each-ref --format=%(refname)%00%(upstream:short)%00%(objectname)%00%(upstream:track)%00%(upstream:remotename)%00%(upstream:remoteref) refs/heads/main refs/remotes/main [2ms]
2023-01-10 16:00:34.894 [info] > git for-each-ref --sort -committerdate --format %(refname) %(objectname) %(*objectname) [6ms]
2023-01-10 16:00:34.907 [info] > git status -z -uall [24ms]
2023-01-10 16:00:39.924 [info] > git config --get commit.template [8ms]
2023-01-10 16:00:39.926 [info] > git for-each-ref --format=%(refname)%00%(upstream:short)%00%(objectname)%00%(upstream:track)%00%(upstream:remotename)%00%(upstream:remoteref) refs/heads/main refs/remotes/main [2ms]
2023-01-10 16:00:39.940 [info] > git for-each-ref --sort -committerdate --format %(refname) %(objectname) %(*objectname) [8ms]
2023-01-10 16:00:39.951 [info] > git status -z -uall [23ms]
2023-01-10 16:00:44.964 [info] > git config --get commit.template [5ms]
2023-01-10 16:00:44.966 [info] > git for-each-ref --format=%(refname)%00%(upstream:short)%00%(objectname)%00%(upstream:track)%00%(upstream:remotename)%00%(upstream:remoteref) refs/heads/main refs/remotes/main [3ms]
2023-01-10 16:00:44.983 [info] > git for-each-ref --sort -committerdate --format %(refname) %(objectname) %(*objectname) [8ms]
2023-01-10 16:00:44.995 [info] > git status -z -uall [26ms]
2023-01-10 16:00:50.013 [info] > git config --get commit.template [10ms]
2023-01-10 16:00:50.015 [info] > git for-each-ref --format=%(refname)%00%(upstream:short)%00%(objectname)%00%(upstream:track)%00%(upstream:remotename)%00%(upstream:remoteref) refs/heads/main refs/remotes/main [3ms]
2023-01-10 16:00:50.032 [info] > git for-each-ref --sort -committerdate --format %(refname) %(objectname) %(*objectname) [8ms]
2023-01-10 16:00:50.045 [info] > git status -z -uall [26ms]
2023-01-10 16:00:54.422 [info] > git fetch [393ms]
2023-01-10 16:00:54.432 [info] > git config --get commit.template [5ms]
2023-01-10 16:00:54.434 [info] > git for-each-ref --format=%(refname)%00%(upstream:short)%00%(objectname)%00%(upstream:track)%00%(upstream:remotename)%00%(upstream:remoteref) refs/heads/main refs/remotes/main [2ms]
2023-01-10 16:00:54.450 [info] > git for-each-ref --sort -committerdate --format %(refname) %(objectname) %(*objectname) [5ms]
2023-01-10 16:00:54.462 [info] > git status -z -uall [25ms]
2023-01-10 16:00:55.056 [info] > git config --get commit.template [5ms]
2023-01-10 16:00:55.057 [info] > git for-each-ref --format=%(refname)%00%(upstream:short)%00%(objectname)%00%(upstream:track)%00%(upstream:remotename)%00%(upstream:remoteref) refs/heads/main refs/remotes/main [2ms]
2023-01-10 16:00:55.073 [info] > git for-each-ref --sort -committerdate --format %(refname) %(objectname) %(*objectname) [6ms]
2023-01-10 16:00:55.085 [info] > git status -z -uall [24ms]
2023-01-10 16:00:55.799 [info] > git ls-files --stage -- /home/ubuntu/playbook/common.yaml [9ms]
2023-01-10 16:00:55.802 [info] > git ls-files --stage -- /home/ubuntu/inventory/dev [9ms]
2023-01-10 16:00:55.807 [info] > git cat-file -s b01baed4b3a139535615f5d9247695eda157b48f [4ms]
2023-01-10 16:00:55.810 [info] > git cat-file -s 674550b09218564d9160b73769d351e530250053 [3ms]
2023-01-10 16:00:55.874 [info] > git show --textconv :playbook/common.yaml [6ms]
2023-01-10 16:00:55.877 [info] > git show --textconv :inventory/dev [4ms]
2023-01-10 16:01:00.140 [info] > git config --get commit.template [13ms]
2023-01-10 16:01:00.144 [info] > git for-each-ref --format=%(refname)%00%(upstream:short)%00%(objectname)%00%(upstream:track)%00%(upstream:remotename)%00%(upstream:remoteref) refs/heads/main refs/remotes/main [5ms]
2023-01-10 16:01:00.222 [info] > git for-each-ref --sort -committerdate --format %(refname) %(objectname) %(*objectname) [2ms]
2023-01-10 16:01:00.254 [info] > git status -z -uall [93ms]
2023-01-10 16:01:05.267 [info] > git config --get commit.template [6ms]
2023-01-10 16:01:05.269 [info] > git for-each-ref --format=%(refname)%00%(upstream:short)%00%(objectname)%00%(upstream:track)%00%(upstream:remotename)%00%(upstream:remoteref) refs/heads/main refs/remotes/main [3ms]
2023-01-10 16:01:05.292 [info] > git for-each-ref --sort -committerdate --format %(refname) %(objectname) %(*objectname) [3ms]
2023-01-10 16:01:05.303 [info] > git status -z -uall [27ms]
2023-01-10 16:01:10.315 [info] > git config --get commit.template [5ms]
2023-01-10 16:01:10.317 [info] > git for-each-ref --format=%(refname)%00%(upstream:short)%00%(objectname)%00%(upstream:track)%00%(upstream:remotename)%00%(upstream:remoteref) refs/heads/main refs/remotes/main [3ms]
2023-01-10 16:01:10.332 [info] > git for-each-ref --sort -committerdate --format %(refname) %(objectname) %(*objectname) [4ms]
2023-01-10 16:01:10.344 [info] > git status -z -uall [24ms]
2023-01-10 16:01:15.358 [info] > git config --get commit.template [4ms]
2023-01-10 16:01:15.359 [info] > git for-each-ref --format=%(refname)%00%(upstream:short)%00%(objectname)%00%(upstream:track)%00%(upstream:remotename)%00%(upstream:remoteref) refs/heads/main refs/remotes/main [2ms]
2023-01-10 16:01:15.373 [info] > git for-each-ref --sort -committerdate --format %(refname) %(objectname) %(*objectname) [7ms]
2023-01-10 16:01:15.385 [info] > git status -z -uall [23ms]
2023-01-10 16:01:20.395 [info] > git config --get commit.template [4ms]
2023-01-10 16:01:20.397 [info] > git for-each-ref --format=%(refname)%00%(upstream:short)%00%(objectname)%00%(upstream:track)%00%(upstream:remotename)%00%(upstream:remoteref) refs/heads/main refs/remotes/main [2ms]
2023-01-10 16:01:20.411 [info] > git for-each-ref --sort -committerdate --format %(refname) %(objectname) %(*objectname) [7ms]
2023-01-10 16:01:20.423 [info] > git status -z -uall [23ms]
2023-01-10 16:01:25.433 [info] > git config --get commit.template [5ms]
2023-01-10 16:01:25.435 [info] > git for-each-ref --format=%(refname)%00%(upstream:short)%00%(objectname)%00%(upstream:track)%00%(upstream:remotename)%00%(upstream:remoteref) refs/heads/main refs/remotes/main [3ms]
2023-01-10 16:01:25.449 [info] > git for-each-ref --sort -committerdate --format %(refname) %(objectname) %(*objectname) [7ms]
2023-01-10 16:01:25.462 [info] > git status -z -uall [24ms]
